#-----------------------------------------------------------
# Vivado v2024.2 (64-bit)
# SW Build 5239630 on Fri Nov 08 22:35:27 MST 2024
# IP Build 5239520 on Sun Nov 10 16:12:51 MST 2024
# SharedData Build 5239561 on Fri Nov 08 14:39:27 MST 2024
# Start of session at: Tue Sep 16 13:57:13 2025
# Process ID         : 14876
# Current directory  : E:/desktop/HdmiColorBar
# Command line       : vivado.exe -gui_launcher_event rodinguilauncherevent5824 E:\desktop\HdmiColorBar\HdmiColorBarDemo.xpr
# Log file           : E:/desktop/HdmiColorBar/vivado.log
# Journal file       : E:/desktop/HdmiColorBar\vivado.jou
# Running On         : LAPTOP-UISPT8T4
# Platform           : Windows Server 2016 or Windows 10
# Operating System   : 26100
# Processor Detail   : Intel(R) Core(TM) i9-14900HX
# CPU Frequency      : 2419 MHz
# CPU Physical cores : 8
# CPU Logical cores  : 16
# Host memory        : 16779 MB
# Swap memory        : 14495 MB
# Total Virtual      : 31275 MB
# Available Virtual  : 8994 MB
#-----------------------------------------------------------
start_gui
open_project E:/desktop/HdmiColorBar/HdmiColorBarDemo.xpr
INFO: [filemgmt 56-3] Default IP Output Path : Could not find the directory 'E:/desktop/HdmiColorBar/HdmiColorBarDemo.gen/sources_1'.
Scanning sources...
Finished scanning sources
INFO: [IP_Flow 19-234] Refreshing IP repositories
INFO: [IP_Flow 19-1704] No user IP repositories specified
INFO: [IP_Flow 19-2313] Loaded Vivado IP repository 'C:/vivado/Vivado/2024.2/data/ip'.
update_compile_order -fileset sources_1
exit
INFO: [Common 17-206] Exiting Vivado at Tue Sep 16 13:58:04 2025...
