#-----------------------------------------------------------
# Vivado v2024.2 (64-bit)
# SW Build 5239630 on Fri Nov 08 22:35:27 MST 2024
# IP Build 5239520 on Sun Nov 10 16:12:51 MST 2024
# SharedData Build 5239561 on Fri Nov 08 14:39:27 MST 2024
# Start of session at: Sat Sep 20 16:37:49 2025
# Process ID         : 32452
# Current directory  : E:/desktop/HdmiColorBar
# Command line       : vivado.exe -gui_launcher_event rodinguilauncherevent25620 E:\desktop\HdmiColorBar\HdmiColorBarDemo.xpr
# Log file           : E:/desktop/HdmiColorBar/vivado.log
# Journal file       : E:/desktop/HdmiColorBar\vivado.jou
# Running On         : LAPTOP-UISPT8T4
# Platform           : Windows Server 2016 or Windows 10
# Operating System   : 26100
# Processor Detail   : Intel(R) Core(TM) i9-14900HX
# CPU Frequency      : 2419 MHz
# CPU Physical cores : 8
# CPU Logical cores  : 16
# Host memory        : 16779 MB
# Swap memory        : 15569 MB
# Total Virtual      : 32349 MB
# Available Virtual  : 19497 MB
#-----------------------------------------------------------
start_gui
open_project E:/desktop/HdmiColorBar/HdmiColorBarDemo.xpr
INFO: [filemgmt 56-3] Default IP Output Path : Could not find the directory 'E:/desktop/HdmiColorBar/HdmiColorBarDemo.gen/sources_1'.
Scanning sources...
Finished scanning sources
INFO: [IP_Flow 19-234] Refreshing IP repositories
INFO: [IP_Flow 19-1704] No user IP repositories specified
INFO: [IP_Flow 19-2313] Loaded Vivado IP repository 'C:/vivado/Vivado/2024.2/data/ip'.
update_compile_order -fileset sources_1
create_ip -name cordic -vendor xilinx.com -library ip -version 6.0 -module_name cordic_0
set_property -dict [list \
  CONFIG.Compensation_Scaling {No_Scale_Compensation} \
  CONFIG.Data_Format {SignedFraction} \
  CONFIG.Functional_Selection {Arc_Tan} \
] [get_ips cordic_0]
generate_target {instantiation_template} [get_files e:/desktop/HdmiColorBar/HdmiColorBarDemo.srcs/sources_1/ip/cordic_0/cordic_0.xci]
INFO: [IP_Flow 19-1686] Generating 'Instantiation Template' target for IP 'cordic_0'...
WARNING: [filemgmt 56-199] Attempt to get parsing info during refresh. "On-the-fly" syntax checking information may be incorrect. [E:\desktop\HdmiColorBar\HdmiColorBarDemo.srcs\sources_1\HdmiColorBarDemo.v:]
WARNING: [filemgmt 56-199] Attempt to get parsing info during refresh. "On-the-fly" syntax checking information may be incorrect. [E:\desktop\HdmiColorBar\HdmiColorBarDemo.srcs\sources_1\ColorBarPixelGenerator.v:]
WARNING: [filemgmt 56-199] Attempt to get parsing info during refresh. "On-the-fly" syntax checking information may be incorrect. [E:\desktop\HdmiColorBar\HdmiColorBarDemo.srcs\sources_1\HdmiColorBarDemo.v:]
WARNING: [filemgmt 56-199] Attempt to get parsing info during refresh. "On-the-fly" syntax checking information may be incorrect. [E:\desktop\HdmiColorBar\HdmiColorBarDemo.srcs\sources_1\HdmiColorBarDemo.v:]
update_compile_order -fileset sources_1
WARNING: [filemgmt 56-199] Attempt to get parsing info during refresh. "On-the-fly" syntax checking information may be incorrect. [E:\desktop\HdmiColorBar\HdmiColorBarDemo.srcs\sources_1\HdmiColorBarDemo.v:]
WARNING: [filemgmt 56-199] Attempt to get parsing info during refresh. "On-the-fly" syntax checking information may be incorrect. [E:\desktop\HdmiColorBar\HdmiColorBarDemo.srcs\sources_1\ColorBarPixelGenerator.v:]
WARNING: [filemgmt 56-199] Attempt to get parsing info during refresh. "On-the-fly" syntax checking information may be incorrect. [E:\desktop\HdmiColorBar\HdmiColorBarDemo.srcs\sources_1\ColorBarPixelGenerator.v:]
WARNING: [filemgmt 56-199] Attempt to get parsing info during refresh. "On-the-fly" syntax checking information may be incorrect. [E:\desktop\HdmiColorBar\HdmiColorBarDemo.srcs\sources_1\ColorBarPixelGenerator.v:]
ERROR: [Common 17-180] Spawn failed: No error
generate_target all [get_files  e:/desktop/HdmiColorBar/HdmiColorBarDemo.srcs/sources_1/ip/cordic_0/cordic_0.xci]
INFO: [IP_Flow 19-1686] Generating 'Synthesis' target for IP 'cordic_0'...
INFO: [IP_Flow 19-1686] Generating 'Simulation' target for IP 'cordic_0'...
INFO: [IP_Flow 19-1686] Generating 'C Simulation' target for IP 'cordic_0'...
INFO: [IP_Flow 19-1686] Generating 'Test Bench' target for IP 'cordic_0'...
INFO: [IP_Flow 19-1686] Generating 'Change Log' target for IP 'cordic_0'...
catch { config_ip_cache -export [get_ips -all cordic_0] }
INFO: [IP_Flow 19-6924] IPCACHE: Running cache check for IP inst: cordic_0
export_ip_user_files -of_objects [get_files e:/desktop/HdmiColorBar/HdmiColorBarDemo.srcs/sources_1/ip/cordic_0/cordic_0.xci] -no_script -sync -force -quiet
create_ip_run [get_files -of_objects [get_fileset sources_1] e:/desktop/HdmiColorBar/HdmiColorBarDemo.srcs/sources_1/ip/cordic_0/cordic_0.xci]
launch_runs cordic_0_synth_1 -jobs 16
INFO: [IP_Flow 19-6924] IPCACHE: Running cache check for IP inst: cordic_0
[Sat Sep 20 19:25:44 2025] Launched cordic_0_synth_1...
Run output will be captured here: E:/desktop/HdmiColorBar/HdmiColorBarDemo.runs/cordic_0_synth_1/runme.log
export_simulation -lib_map_path [list {modelsim=E:/desktop/HdmiColorBar/HdmiColorBarDemo.cache/compile_simlib/modelsim} {questa=E:/desktop/HdmiColorBar/HdmiColorBarDemo.cache/compile_simlib/questa} {riviera=E:/desktop/HdmiColorBar/HdmiColorBarDemo.cache/compile_simlib/riviera} {activehdl=E:/desktop/HdmiColorBar/HdmiColorBarDemo.cache/compile_simlib/activehdl}] -of_objects [get_files e:/desktop/HdmiColorBar/HdmiColorBarDemo.srcs/sources_1/ip/cordic_0/cordic_0.xci] -directory E:/desktop/HdmiColorBar/HdmiColorBarDemo.ip_user_files/sim_scripts -ip_user_files_dir E:/desktop/HdmiColorBar/HdmiColorBarDemo.ip_user_files -ipstatic_source_dir E:/desktop/HdmiColorBar/HdmiColorBarDemo.ip_user_files/ipstatic -use_ip_compiled_libs -force -quiet
WARNING: [filemgmt 56-199] Attempt to get parsing info during refresh. "On-the-fly" syntax checking information may be incorrect. [E:\desktop\HdmiColorBar\HdmiColorBarDemo.srcs\sources_1\HdmiColorBarDemo.v:]
WARNING: [filemgmt 56-199] Attempt to get parsing info during refresh. "On-the-fly" syntax checking information may be incorrect. [E:\desktop\HdmiColorBar\HdmiColorBarDemo.srcs\sources_1\ColorBarPixelGenerator.v:]
WARNING: [filemgmt 56-199] Attempt to get parsing info during refresh. "On-the-fly" syntax checking information may be incorrect. [E:\desktop\HdmiColorBar\HdmiColorBarDemo.srcs\sources_1\ColorBarPixelGenerator.v:]
WARNING: [filemgmt 56-199] Attempt to get parsing info during refresh. "On-the-fly" syntax checking information may be incorrect. [E:\desktop\HdmiColorBar\HdmiColorBarDemo.srcs\sources_1\ColorBarPixelGenerator.v:]
ERROR: [Common 17-180] Spawn failed: No error
create_ip -name cordic -vendor xilinx.com -library ip -version 6.0 -module_name cordic_1
set_property -dict [list \
  CONFIG.Data_Format {SignedFraction} \
  CONFIG.Functional_Selection {Arc_Tan} \
] [get_ips cordic_1]
generate_target {instantiation_template} [get_files e:/desktop/HdmiColorBar/HdmiColorBarDemo.srcs/sources_1/ip/cordic_1/cordic_1.xci]
INFO: [IP_Flow 19-1686] Generating 'Instantiation Template' target for IP 'cordic_1'...
WARNING: [filemgmt 56-199] Attempt to get parsing info during refresh. "On-the-fly" syntax checking information may be incorrect. [E:\desktop\HdmiColorBar\HdmiColorBarDemo.srcs\sources_1\HdmiColorBarDemo.v:]
WARNING: [filemgmt 56-199] Attempt to get parsing info during refresh. "On-the-fly" syntax checking information may be incorrect. [E:\desktop\HdmiColorBar\HdmiColorBarDemo.srcs\sources_1\ColorBarPixelGenerator.v:]
WARNING: [filemgmt 56-199] Attempt to get parsing info during refresh. "On-the-fly" syntax checking information may be incorrect. [E:\desktop\HdmiColorBar\HdmiColorBarDemo.srcs\sources_1\ColorBarPixelGenerator.v:]
WARNING: [filemgmt 56-199] Attempt to get parsing info during refresh. "On-the-fly" syntax checking information may be incorrect. [E:\desktop\HdmiColorBar\HdmiColorBarDemo.srcs\sources_1\ColorBarPixelGenerator.v:]
ERROR: [Common 17-180] Spawn failed: No error
update_compile_order -fileset sources_1
WARNING: [filemgmt 56-199] Attempt to get parsing info during refresh. "On-the-fly" syntax checking information may be incorrect. [E:\desktop\HdmiColorBar\HdmiColorBarDemo.srcs\sources_1\HdmiColorBarDemo.v:]
WARNING: [filemgmt 56-199] Attempt to get parsing info during refresh. "On-the-fly" syntax checking information may be incorrect. [E:\desktop\HdmiColorBar\HdmiColorBarDemo.srcs\sources_1\ColorBarPixelGenerator.v:]
WARNING: [filemgmt 56-199] Attempt to get parsing info during refresh. "On-the-fly" syntax checking information may be incorrect. [E:\desktop\HdmiColorBar\HdmiColorBarDemo.srcs\sources_1\ColorBarPixelGenerator.v:]
WARNING: [filemgmt 56-199] Attempt to get parsing info during refresh. "On-the-fly" syntax checking information may be incorrect. [E:\desktop\HdmiColorBar\HdmiColorBarDemo.srcs\sources_1\ColorBarPixelGenerator.v:]
ERROR: [Common 17-180] Spawn failed: No error
generate_target all [get_files  e:/desktop/HdmiColorBar/HdmiColorBarDemo.srcs/sources_1/ip/cordic_1/cordic_1.xci]
INFO: [IP_Flow 19-1686] Generating 'Synthesis' target for IP 'cordic_1'...
INFO: [IP_Flow 19-1686] Generating 'Simulation' target for IP 'cordic_1'...
INFO: [IP_Flow 19-1686] Generating 'C Simulation' target for IP 'cordic_1'...
INFO: [IP_Flow 19-1686] Generating 'Test Bench' target for IP 'cordic_1'...
INFO: [IP_Flow 19-1686] Generating 'Change Log' target for IP 'cordic_1'...
catch { config_ip_cache -export [get_ips -all cordic_1] }
INFO: [IP_Flow 19-6924] IPCACHE: Running cache check for IP inst: cordic_1
export_ip_user_files -of_objects [get_files e:/desktop/HdmiColorBar/HdmiColorBarDemo.srcs/sources_1/ip/cordic_1/cordic_1.xci] -no_script -sync -force -quiet
create_ip_run [get_files -of_objects [get_fileset sources_1] e:/desktop/HdmiColorBar/HdmiColorBarDemo.srcs/sources_1/ip/cordic_1/cordic_1.xci]
launch_runs cordic_1_synth_1 -jobs 16
INFO: [IP_Flow 19-6924] IPCACHE: Running cache check for IP inst: cordic_1
[Sat Sep 20 19:25:59 2025] Launched cordic_1_synth_1...
Run output will be captured here: E:/desktop/HdmiColorBar/HdmiColorBarDemo.runs/cordic_1_synth_1/runme.log
export_simulation -lib_map_path [list {modelsim=E:/desktop/HdmiColorBar/HdmiColorBarDemo.cache/compile_simlib/modelsim} {questa=E:/desktop/HdmiColorBar/HdmiColorBarDemo.cache/compile_simlib/questa} {riviera=E:/desktop/HdmiColorBar/HdmiColorBarDemo.cache/compile_simlib/riviera} {activehdl=E:/desktop/HdmiColorBar/HdmiColorBarDemo.cache/compile_simlib/activehdl}] -of_objects [get_files e:/desktop/HdmiColorBar/HdmiColorBarDemo.srcs/sources_1/ip/cordic_1/cordic_1.xci] -directory E:/desktop/HdmiColorBar/HdmiColorBarDemo.ip_user_files/sim_scripts -ip_user_files_dir E:/desktop/HdmiColorBar/HdmiColorBarDemo.ip_user_files -ipstatic_source_dir E:/desktop/HdmiColorBar/HdmiColorBarDemo.ip_user_files/ipstatic -use_ip_compiled_libs -force -quiet
ERROR: [Common 17-180] Spawn failed: No error
WARNING: [filemgmt 56-199] Attempt to get parsing info during refresh. "On-the-fly" syntax checking information may be incorrect. [E:\desktop\HdmiColorBar\HdmiColorBarDemo.srcs\sources_1\HdmiColorBarDemo.v:]
WARNING: [filemgmt 56-199] Attempt to get parsing info during refresh. "On-the-fly" syntax checking information may be incorrect. [E:\desktop\HdmiColorBar\HdmiColorBarDemo.srcs\sources_1\ColorBarPixelGenerator.v:]
WARNING: [filemgmt 56-199] Attempt to get parsing info during refresh. "On-the-fly" syntax checking information may be incorrect. [E:\desktop\HdmiColorBar\HdmiColorBarDemo.srcs\sources_1\ColorBarPixelGenerator.v:]
WARNING: [filemgmt 56-199] Attempt to get parsing info during refresh. "On-the-fly" syntax checking information may be incorrect. [E:\desktop\HdmiColorBar\HdmiColorBarDemo.srcs\sources_1\ColorBarPixelGenerator.v:]
ERROR: [Common 17-180] Spawn failed: No error
WARNING: [filemgmt 56-199] Attempt to get parsing info during refresh. "On-the-fly" syntax checking information may be incorrect. [E:\desktop\HdmiColorBar\HdmiColorBarDemo.srcs\sources_1\HdmiColorBarDemo.v:]
WARNING: [filemgmt 56-199] Attempt to get parsing info during refresh. "On-the-fly" syntax checking information may be incorrect. [E:\desktop\HdmiColorBar\HdmiColorBarDemo.srcs\sources_1\ColorBarPixelGenerator.v:]
WARNING: [filemgmt 56-199] Attempt to get parsing info during refresh. "On-the-fly" syntax checking information may be incorrect. [E:\desktop\HdmiColorBar\HdmiColorBarDemo.srcs\sources_1\ColorBarPixelGenerator.v:]
WARNING: [filemgmt 56-199] Attempt to get parsing info during refresh. "On-the-fly" syntax checking information may be incorrect. [E:\desktop\HdmiColorBar\HdmiColorBarDemo.srcs\sources_1\ColorBarPixelGenerator.v:]
ERROR: [Common 17-180] Spawn failed: No error
