#-----------------------------------------------------------
# Vivado v2024.2 (64-bit)
# SW Build 5239630 on Fri Nov 08 22:35:27 MST 2024
# IP Build 5239520 on Sun Nov 10 16:12:51 MST 2024
# SharedData Build 5239561 on Fri Nov 08 14:39:27 MST 2024
# Start of session at: Fri Sep 19 09:47:20 2025
# Process ID         : 39728
# Current directory  : E:/desktop/HdmiColorBar
# Command line       : vivado.exe -gui_launcher_event rodinguilauncherevent51316 E:\desktop\HdmiColorBar\HdmiColorBarDemo.xpr
# Log file           : E:/desktop/HdmiColorBar/vivado.log
# Journal file       : E:/desktop/HdmiColorBar\vivado.jou
# Running On         : LAPTOP-UISPT8T4
# Platform           : Windows Server 2016 or Windows 10
# Operating System   : 26100
# Processor Detail   : Intel(R) Core(TM) i9-14900HX
# CPU Frequency      : 2419 MHz
# CPU Physical cores : 8
# CPU Logical cores  : 16
# Host memory        : 16779 MB
# Swap memory        : 15569 MB
# Total Virtual      : 32349 MB
# Available Virtual  : 22254 MB
#-----------------------------------------------------------
start_gui
open_project E:/desktop/HdmiColorBar/HdmiColorBarDemo.xpr
INFO: [filemgmt 56-3] Default IP Output Path : Could not find the directory 'E:/desktop/HdmiColorBar/HdmiColorBarDemo.gen/sources_1'.
Scanning sources...
Finished scanning sources
INFO: [IP_Flow 19-234] Refreshing IP repositories
INFO: [IP_Flow 19-1704] No user IP repositories specified
INFO: [IP_Flow 19-2313] Loaded Vivado IP repository 'C:/vivado/Vivado/2024.2/data/ip'.
update_compile_order -fileset sources_1
open_hw_manager
connect_hw_server -allow_non_jtag
INFO: [Labtools 27-2285] Connecting to hw_server url TCP:localhost:3121
INFO: [Labtools 27-2222] Launching hw_server...
INFO: [Labtools 27-2221] Launch Output:

****** Xilinx hw_server v2024.2
  **** Build date : Oct 29 2024 at 10:25:41
    ** Copyright 1986-2022 Xilinx, Inc. All Rights Reserved.


INFO: [Labtools 27-3415] Connecting to cs_server url TCP:localhost:0
INFO: [Labtools 27-3417] Launching cs_server...
INFO: [Labtools 27-2221] Launch Output:


******** Xilinx cs_server v2024.2.0
  ****** Build date   : Oct 31 2024-02:19:07
    **** Build number : 2024.2.1730312347
      ** Copyright 2017-2022 Xilinx, Inc. All Rights Reserved.
      ** Copyright 2022-2025 Advanced Micro Devices, Inc. All Rights Reserved.



connect_hw_server: Time (s): cpu = 00:00:01 ; elapsed = 00:00:14 . Memory (MB): peak = 1225.613 ; gain = 6.895
open_hw_target
INFO: [Labtoolstcl 44-466] Opening hw_target localhost:3121/xilinx_tcf/Digilent/210512180081
set_property PROGRAM.FILE {E:/desktop/HdmiColorBar/HdmiColorBarDemo.runs/impl_1/HdmiColorBarDemo.bit} [get_hw_devices xc7s15_0]
current_hw_device [get_hw_devices xc7s15_0]
refresh_hw_device -update_hw_probes false [lindex [get_hw_devices xc7s15_0] 0]
INFO: [Labtools 27-1435] Device xc7s15 (JTAG device index = 0) is not programmed (DONE status = 0).
set_property PROBES.FILE {} [get_hw_devices xc7s15_0]
set_property FULL_PROBES.FILE {} [get_hw_devices xc7s15_0]
set_property PROGRAM.FILE {E:/desktop/HdmiColorBar/HdmiColorBarDemo.runs/impl_1/HdmiColorBarDemo.bit} [get_hw_devices xc7s15_0]
program_hw_devices [get_hw_devices xc7s15_0]
INFO: [Labtools 27-3164] End of startup status: HIGH
refresh_hw_device [lindex [get_hw_devices xc7s15_0] 0]
INFO: [Labtools 27-1434] Device xc7s15 (JTAG device index = 0) is programmed with a design that has no supported debug core(s) in it.
close_hw_manager
WARNING: [filemgmt 56-199] Attempt to get parsing info during refresh. "On-the-fly" syntax checking information may be incorrect. [E:\desktop\HdmiColorBar\HdmiColorBarDemo.srcs\sources_1\HdmiColorBarDemo.v:]
WARNING: [filemgmt 56-199] Attempt to get parsing info during refresh. "On-the-fly" syntax checking information may be incorrect. [E:\desktop\HdmiColorBar\HdmiColorBarDemo.srcs\sources_1\ColorBarPixelGenerator.v:]
WARNING: [filemgmt 56-199] Attempt to get parsing info during refresh. "On-the-fly" syntax checking information may be incorrect. [E:\desktop\HdmiColorBar\HdmiColorBarDemo.srcs\sources_1\ColorBarPixelGenerator.v:]
WARNING: [filemgmt 56-199] Attempt to get parsing info during refresh. "On-the-fly" syntax checking information may be incorrect. [E:\desktop\HdmiColorBar\HdmiColorBarDemo.srcs\sources_1\ColorBarPixelGenerator.v:]
ERROR: [Common 17-180] Spawn failed: No error
reset_run synth_1
launch_runs synth_1 -jobs 16
[Fri Sep 19 09:53:07 2025] Launched synth_1...
Run output will be captured here: E:/desktop/HdmiColorBar/HdmiColorBarDemo.runs/synth_1/runme.log
launch_runs impl_1 -jobs 16
[Fri Sep 19 09:53:40 2025] Launched impl_1...
Run output will be captured here: E:/desktop/HdmiColorBar/HdmiColorBarDemo.runs/impl_1/runme.log
launch_runs impl_1 -to_step write_bitstream -jobs 16
[Fri Sep 19 09:54:59 2025] Launched impl_1...
Run output will be captured here: E:/desktop/HdmiColorBar/HdmiColorBarDemo.runs/impl_1/runme.log
open_hw_manager
connect_hw_server -allow_non_jtag
INFO: [Labtools 27-2285] Connecting to hw_server url TCP:localhost:3121
INFO: [Labtools 27-2222] Launching hw_server...
INFO: [Labtools 27-2221] Launch Output:

****** Xilinx hw_server v2024.2
  **** Build date : Oct 29 2024 at 10:25:41
    ** Copyright 1986-2022 Xilinx, Inc. All Rights Reserved.


INFO: [Labtools 27-3415] Connecting to cs_server url TCP:localhost:0
INFO: [Labtools 27-3417] Launching cs_server...
INFO: [Labtools 27-2221] Launch Output:


******** Xilinx cs_server v2024.2.0
  ****** Build date   : Oct 31 2024-02:19:07
    **** Build number : 2024.2.1730312347
      ** Copyright 2017-2022 Xilinx, Inc. All Rights Reserved.
      ** Copyright 2022-2025 Advanced Micro Devices, Inc. All Rights Reserved.



connect_hw_server: Time (s): cpu = 00:00:00 ; elapsed = 00:00:05 . Memory (MB): peak = 1308.000 ; gain = 0.000
open_hw_target
INFO: [Labtoolstcl 44-466] Opening hw_target localhost:3121/xilinx_tcf/Digilent/210512180081
set_property PROGRAM.FILE {E:/desktop/HdmiColorBar/HdmiColorBarDemo.runs/impl_1/HdmiColorBarDemo.bit} [get_hw_devices xc7s15_0]
current_hw_device [get_hw_devices xc7s15_0]
refresh_hw_device -update_hw_probes false [lindex [get_hw_devices xc7s15_0] 0]
INFO: [Labtools 27-1434] Device xc7s15 (JTAG device index = 0) is programmed with a design that has no supported debug core(s) in it.
set_property PROBES.FILE {} [get_hw_devices xc7s15_0]
set_property FULL_PROBES.FILE {} [get_hw_devices xc7s15_0]
set_property PROGRAM.FILE {E:/desktop/HdmiColorBar/HdmiColorBarDemo.runs/impl_1/HdmiColorBarDemo.bit} [get_hw_devices xc7s15_0]
program_hw_devices [get_hw_devices xc7s15_0]
INFO: [Labtools 27-3164] End of startup status: HIGH
refresh_hw_device [lindex [get_hw_devices xc7s15_0] 0]
INFO: [Labtools 27-1434] Device xc7s15 (JTAG device index = 0) is programmed with a design that has no supported debug core(s) in it.
refresh_hw_device [lindex [get_hw_devices xc7s15_0] 0]
INFO: [Labtools 27-1434] Device xc7s15 (JTAG device index = 0) is programmed with a design that has no supported debug core(s) in it.
close_hw_manager
WARNING: [filemgmt 56-199] Attempt to get parsing info during refresh. "On-the-fly" syntax checking information may be incorrect. [E:\desktop\HdmiColorBar\HdmiColorBarDemo.srcs\sources_1\HdmiColorBarDemo.v:]
WARNING: [filemgmt 56-199] Attempt to get parsing info during refresh. "On-the-fly" syntax checking information may be incorrect. [E:\desktop\HdmiColorBar\HdmiColorBarDemo.srcs\sources_1\ColorBarPixelGenerator.v:]
WARNING: [filemgmt 56-199] Attempt to get parsing info during refresh. "On-the-fly" syntax checking information may be incorrect. [E:\desktop\HdmiColorBar\HdmiColorBarDemo.srcs\sources_1\ColorBarPixelGenerator.v:]
WARNING: [filemgmt 56-199] Attempt to get parsing info during refresh. "On-the-fly" syntax checking information may be incorrect. [E:\desktop\HdmiColorBar\HdmiColorBarDemo.srcs\sources_1\ColorBarPixelGenerator.v:]
ERROR: [Common 17-180] Spawn failed: No error
reset_run synth_1
launch_runs synth_1 -jobs 16
[Fri Sep 19 10:00:14 2025] Launched synth_1...
Run output will be captured here: E:/desktop/HdmiColorBar/HdmiColorBarDemo.runs/synth_1/runme.log
launch_runs impl_1 -jobs 16
[Fri Sep 19 10:00:47 2025] Launched impl_1...
Run output will be captured here: E:/desktop/HdmiColorBar/HdmiColorBarDemo.runs/impl_1/runme.log
launch_runs impl_1 -to_step write_bitstream -jobs 16
[Fri Sep 19 10:01:26 2025] Launched impl_1...
Run output will be captured here: E:/desktop/HdmiColorBar/HdmiColorBarDemo.runs/impl_1/runme.log
open_hw_manager
connect_hw_server -allow_non_jtag
INFO: [Labtools 27-2285] Connecting to hw_server url TCP:localhost:3121
INFO: [Labtools 27-2222] Launching hw_server...
INFO: [Labtools 27-2221] Launch Output:

****** Xilinx hw_server v2024.2
  **** Build date : Oct 29 2024 at 10:25:41
    ** Copyright 1986-2022 Xilinx, Inc. All Rights Reserved.


INFO: [Labtools 27-3415] Connecting to cs_server url TCP:localhost:0
INFO: [Labtools 27-3417] Launching cs_server...
INFO: [Labtools 27-2221] Launch Output:


******** Xilinx cs_server v2024.2.0
  ****** Build date   : Oct 31 2024-02:19:07
    **** Build number : 2024.2.1730312347
      ** Copyright 2017-2022 Xilinx, Inc. All Rights Reserved.
      ** Copyright 2022-2025 Advanced Micro Devices, Inc. All Rights Reserved.



connect_hw_server: Time (s): cpu = 00:00:00 ; elapsed = 00:00:05 . Memory (MB): peak = 1325.852 ; gain = 0.000
open_hw_target
INFO: [Labtoolstcl 44-466] Opening hw_target localhost:3121/xilinx_tcf/Digilent/210512180081
set_property PROGRAM.FILE {E:/desktop/HdmiColorBar/HdmiColorBarDemo.runs/impl_1/HdmiColorBarDemo.bit} [get_hw_devices xc7s15_0]
current_hw_device [get_hw_devices xc7s15_0]
refresh_hw_device -update_hw_probes false [lindex [get_hw_devices xc7s15_0] 0]
INFO: [Labtools 27-1434] Device xc7s15 (JTAG device index = 0) is programmed with a design that has no supported debug core(s) in it.
set_property PROBES.FILE {} [get_hw_devices xc7s15_0]
set_property FULL_PROBES.FILE {} [get_hw_devices xc7s15_0]
set_property PROGRAM.FILE {E:/desktop/HdmiColorBar/HdmiColorBarDemo.runs/impl_1/HdmiColorBarDemo.bit} [get_hw_devices xc7s15_0]
program_hw_devices [get_hw_devices xc7s15_0]
INFO: [Labtools 27-3164] End of startup status: HIGH
refresh_hw_device [lindex [get_hw_devices xc7s15_0] 0]
INFO: [Labtools 27-1434] Device xc7s15 (JTAG device index = 0) is programmed with a design that has no supported debug core(s) in it.
close_hw_manager
WARNING: [filemgmt 56-199] Attempt to get parsing info during refresh. "On-the-fly" syntax checking information may be incorrect. [E:\desktop\HdmiColorBar\HdmiColorBarDemo.srcs\sources_1\HdmiColorBarDemo.v:]
WARNING: [filemgmt 56-199] Attempt to get parsing info during refresh. "On-the-fly" syntax checking information may be incorrect. [E:\desktop\HdmiColorBar\HdmiColorBarDemo.srcs\sources_1\ColorBarPixelGenerator.v:]
WARNING: [filemgmt 56-199] Attempt to get parsing info during refresh. "On-the-fly" syntax checking information may be incorrect. [E:\desktop\HdmiColorBar\HdmiColorBarDemo.srcs\sources_1\ColorBarPixelGenerator.v:]
WARNING: [filemgmt 56-199] Attempt to get parsing info during refresh. "On-the-fly" syntax checking information may be incorrect. [E:\desktop\HdmiColorBar\HdmiColorBarDemo.srcs\sources_1\ColorBarPixelGenerator.v:]
ERROR: [Common 17-180] Spawn failed: No error
reset_run synth_1
launch_runs synth_1 -jobs 16
[Fri Sep 19 10:04:32 2025] Launched synth_1...
Run output will be captured here: E:/desktop/HdmiColorBar/HdmiColorBarDemo.runs/synth_1/runme.log
launch_runs impl_1 -jobs 16
[Fri Sep 19 10:05:05 2025] Launched impl_1...
Run output will be captured here: E:/desktop/HdmiColorBar/HdmiColorBarDemo.runs/impl_1/runme.log
launch_runs impl_1 -to_step write_bitstream -jobs 16
[Fri Sep 19 10:05:41 2025] Launched impl_1...
Run output will be captured here: E:/desktop/HdmiColorBar/HdmiColorBarDemo.runs/impl_1/runme.log
open_hw_manager
connect_hw_server -allow_non_jtag
INFO: [Labtools 27-2285] Connecting to hw_server url TCP:localhost:3121
INFO: [Labtools 27-2222] Launching hw_server...
INFO: [Labtools 27-2221] Launch Output:

****** Xilinx hw_server v2024.2
  **** Build date : Oct 29 2024 at 10:25:41
    ** Copyright 1986-2022 Xilinx, Inc. All Rights Reserved.


INFO: [Labtools 27-3415] Connecting to cs_server url TCP:localhost:0
INFO: [Labtools 27-3417] Launching cs_server...
INFO: [Labtools 27-2221] Launch Output:


******** Xilinx cs_server v2024.2.0
  ****** Build date   : Oct 31 2024-02:19:07
    **** Build number : 2024.2.1730312347
      ** Copyright 2017-2022 Xilinx, Inc. All Rights Reserved.
      ** Copyright 2022-2025 Advanced Micro Devices, Inc. All Rights Reserved.



connect_hw_server: Time (s): cpu = 00:00:00 ; elapsed = 00:00:05 . Memory (MB): peak = 1332.156 ; gain = 0.000
open_hw_target
INFO: [Labtoolstcl 44-466] Opening hw_target localhost:3121/xilinx_tcf/Digilent/210512180081
set_property PROGRAM.FILE {E:/desktop/HdmiColorBar/HdmiColorBarDemo.runs/impl_1/HdmiColorBarDemo.bit} [get_hw_devices xc7s15_0]
current_hw_device [get_hw_devices xc7s15_0]
refresh_hw_device -update_hw_probes false [lindex [get_hw_devices xc7s15_0] 0]
INFO: [Labtools 27-1434] Device xc7s15 (JTAG device index = 0) is programmed with a design that has no supported debug core(s) in it.
set_property PROBES.FILE {} [get_hw_devices xc7s15_0]
set_property FULL_PROBES.FILE {} [get_hw_devices xc7s15_0]
set_property PROGRAM.FILE {E:/desktop/HdmiColorBar/HdmiColorBarDemo.runs/impl_1/HdmiColorBarDemo.bit} [get_hw_devices xc7s15_0]
program_hw_devices [get_hw_devices xc7s15_0]
INFO: [Labtools 27-3164] End of startup status: HIGH
refresh_hw_device [lindex [get_hw_devices xc7s15_0] 0]
INFO: [Labtools 27-1434] Device xc7s15 (JTAG device index = 0) is programmed with a design that has no supported debug core(s) in it.
close_hw_manager
reset_run synth_1
launch_runs synth_1 -jobs 16
WARNING: [filemgmt 56-199] Attempt to get parsing info during refresh. "On-the-fly" syntax checking information may be incorrect. [E:\desktop\HdmiColorBar\HdmiColorBarDemo.srcs\sources_1\HdmiColorBarDemo.v:]
WARNING: [filemgmt 56-199] Attempt to get parsing info during refresh. "On-the-fly" syntax checking information may be incorrect. [E:\desktop\HdmiColorBar\HdmiColorBarDemo.srcs\sources_1\ColorBarPixelGenerator.v:]
WARNING: [filemgmt 56-199] Attempt to get parsing info during refresh. "On-the-fly" syntax checking information may be incorrect. [E:\desktop\HdmiColorBar\HdmiColorBarDemo.srcs\sources_1\ColorBarPixelGenerator.v:]
WARNING: [filemgmt 56-199] Attempt to get parsing info during refresh. "On-the-fly" syntax checking information may be incorrect. [E:\desktop\HdmiColorBar\HdmiColorBarDemo.srcs\sources_1\ColorBarPixelGenerator.v:]
[Fri Sep 19 10:12:20 2025] Launched synth_1...
Run output will be captured here: E:/desktop/HdmiColorBar/HdmiColorBarDemo.runs/synth_1/runme.log
ERROR: [Common 17-180] Spawn failed: No error
launch_runs impl_1 -jobs 16
[Fri Sep 19 10:12:52 2025] Launched impl_1...
Run output will be captured here: E:/desktop/HdmiColorBar/HdmiColorBarDemo.runs/impl_1/runme.log
launch_runs impl_1 -to_step write_bitstream -jobs 16
[Fri Sep 19 10:13:28 2025] Launched impl_1...
Run output will be captured here: E:/desktop/HdmiColorBar/HdmiColorBarDemo.runs/impl_1/runme.log
open_hw_manager
connect_hw_server -allow_non_jtag
INFO: [Labtools 27-2285] Connecting to hw_server url TCP:localhost:3121
INFO: [Labtools 27-2222] Launching hw_server...
INFO: [Labtools 27-2221] Launch Output:

****** Xilinx hw_server v2024.2
  **** Build date : Oct 29 2024 at 10:25:41
    ** Copyright 1986-2022 Xilinx, Inc. All Rights Reserved.


INFO: [Labtools 27-3415] Connecting to cs_server url TCP:localhost:0
INFO: [Labtools 27-3417] Launching cs_server...
INFO: [Labtools 27-2221] Launch Output:


******** Xilinx cs_server v2024.2.0
  ****** Build date   : Oct 31 2024-02:19:07
    **** Build number : 2024.2.1730312347
      ** Copyright 2017-2022 Xilinx, Inc. All Rights Reserved.
      ** Copyright 2022-2025 Advanced Micro Devices, Inc. All Rights Reserved.



connect_hw_server: Time (s): cpu = 00:00:01 ; elapsed = 00:00:06 . Memory (MB): peak = 1334.281 ; gain = 0.000
open_hw_target
INFO: [Labtoolstcl 44-466] Opening hw_target localhost:3121/xilinx_tcf/Digilent/210512180081
set_property PROGRAM.FILE {E:/desktop/HdmiColorBar/HdmiColorBarDemo.runs/impl_1/HdmiColorBarDemo.bit} [get_hw_devices xc7s15_0]
current_hw_device [get_hw_devices xc7s15_0]
refresh_hw_device -update_hw_probes false [lindex [get_hw_devices xc7s15_0] 0]
INFO: [Labtools 27-1434] Device xc7s15 (JTAG device index = 0) is programmed with a design that has no supported debug core(s) in it.
set_property PROBES.FILE {} [get_hw_devices xc7s15_0]
set_property FULL_PROBES.FILE {} [get_hw_devices xc7s15_0]
set_property PROGRAM.FILE {E:/desktop/HdmiColorBar/HdmiColorBarDemo.runs/impl_1/HdmiColorBarDemo.bit} [get_hw_devices xc7s15_0]
program_hw_devices [get_hw_devices xc7s15_0]
INFO: [Labtools 27-3164] End of startup status: HIGH
refresh_hw_device [lindex [get_hw_devices xc7s15_0] 0]
INFO: [Labtools 27-1434] Device xc7s15 (JTAG device index = 0) is programmed with a design that has no supported debug core(s) in it.
close_hw_manager
WARNING: [filemgmt 56-199] Attempt to get parsing info during refresh. "On-the-fly" syntax checking information may be incorrect. [E:\desktop\HdmiColorBar\HdmiColorBarDemo.srcs\sources_1\HdmiColorBarDemo.v:]
WARNING: [filemgmt 56-199] Attempt to get parsing info during refresh. "On-the-fly" syntax checking information may be incorrect. [E:\desktop\HdmiColorBar\HdmiColorBarDemo.srcs\sim_1\new\tb_colorbar.v:]
WARNING: [filemgmt 56-199] Attempt to get parsing info during refresh. "On-the-fly" syntax checking information may be incorrect. [E:\desktop\HdmiColorBar\HdmiColorBarDemo.srcs\sources_1\ColorBarPixelGenerator.v:]
WARNING: [filemgmt 56-199] Attempt to get parsing info during refresh. "On-the-fly" syntax checking information may be incorrect. [E:\desktop\HdmiColorBar\HdmiColorBarDemo.srcs\sources_1\ColorBarPixelGenerator.v:]
WARNING: [filemgmt 56-199] Attempt to get parsing info during refresh. "On-the-fly" syntax checking information may be incorrect. [E:\desktop\HdmiColorBar\HdmiColorBarDemo.srcs\sources_1\ColorBarPixelGenerator.v:]
launch_simulation
Command: launch_simulation 
INFO: [Vivado 12-12493] Simulation top is 'tb_colorbar'
WARNING: [Vivado 12-13340] Unable to auto find GCC executables from simulator install path! (path not set)
INFO: [Vivado 12-5682] Launching behavioral simulation in 'E:/desktop/HdmiColorBar/HdmiColorBarDemo.sim/sim_1/behav/xsim'
INFO: [SIM-utils-51] Simulation object is 'sim_1'
INFO: [SIM-utils-72] Using boost library from 'C:/vivado/Vivado/2024.2/tps/boost_1_72_0'
INFO: [SIM-utils-54] Inspecting design source files for 'tb_colorbar' in fileset 'sim_1'...
INFO: [USF-XSim-97] Finding global include files...
INFO: [USF-XSim-98] Fetching design files from 'sim_1'...
INFO: [USF-XSim-2] XSim::Compile design
WARNING: [filemgmt 56-199] Attempt to get parsing info during refresh. "On-the-fly" syntax checking information may be incorrect. [E:\desktop\HdmiColorBar\HdmiColorBarDemo.srcs\sources_1\HdmiColorBarDemo.v:]
WARNING: [filemgmt 56-199] Attempt to get parsing info during refresh. "On-the-fly" syntax checking information may be incorrect. [E:\desktop\HdmiColorBar\HdmiColorBarDemo.srcs\sim_1\new\tb_colorbar.v:]
WARNING: [filemgmt 56-199] Attempt to get parsing info during refresh. "On-the-fly" syntax checking information may be incorrect. [E:\desktop\HdmiColorBar\HdmiColorBarDemo.srcs\sources_1\ColorBarPixelGenerator.v:]
WARNING: [filemgmt 56-199] Attempt to get parsing info during refresh. "On-the-fly" syntax checking information may be incorrect. [E:\desktop\HdmiColorBar\HdmiColorBarDemo.srcs\sources_1\HdmiColorBarDemo.v:]
WARNING: [filemgmt 56-199] Attempt to get parsing info during refresh. "On-the-fly" syntax checking information may be incorrect. [E:\desktop\HdmiColorBar\HdmiColorBarDemo.srcs\sources_1\HdmiColorBarDemo.v:]
INFO: [USF-XSim-61] Executing 'COMPILE and ANALYZE' step in 'E:/desktop/HdmiColorBar/HdmiColorBarDemo.sim/sim_1/behav/xsim'
ERROR: [Common 17-180] Spawn failed: No error
"xvlog --incr --relax -prj tb_colorbar_vlog.prj"
INFO: [VRFC 10-2263] Analyzing Verilog file "E:/desktop/HdmiColorBar/HdmiColorBarDemo.srcs/sources_1/ColorBarPixelGenerator.v" into library xil_defaultlib
INFO: [VRFC 10-311] analyzing module ColorBarPixelGenerator
INFO: [VRFC 10-2263] Analyzing Verilog file "E:/desktop/HdmiColorBar/HdmiColorBarDemo.srcs/sim_1/new/tb_colorbar.v" into library xil_defaultlib
INFO: [VRFC 10-311] analyzing module tb_colorbar
INFO: [VRFC 10-2263] Analyzing Verilog file "E:/desktop/HdmiColorBar/HdmiColorBarDemo.sim/sim_1/behav/xsim/glbl.v" into library xil_defaultlib
INFO: [VRFC 10-311] analyzing module glbl
INFO: [USF-XSim-69] 'compile' step finished in '2' seconds
ERROR: [USF-XSim-62] 'compile' step failed with error(s) while executing 'E:/desktop/HdmiColorBar/HdmiColorBarDemo.sim/sim_1/behav/xsim/compile.bat' script. Please check that the file has the correct 'read/write/execute' permissions and the Tcl console output for any other possible errors or warnings.
ERROR: [Vivado 12-4473] Detected error while running simulation. Please correct the issue and retry this operation.
ERROR: [Common 17-39] 'launch_simulation' failed due to earlier errors.
WARNING: [filemgmt 56-199] Attempt to get parsing info during refresh. "On-the-fly" syntax checking information may be incorrect. [E:\desktop\HdmiColorBar\HdmiColorBarDemo.srcs\sources_1\HdmiColorBarDemo.v:]
WARNING: [filemgmt 56-199] Attempt to get parsing info during refresh. "On-the-fly" syntax checking information may be incorrect. [E:\desktop\HdmiColorBar\HdmiColorBarDemo.srcs\sim_1\new\tb_colorbar.v:]
WARNING: [filemgmt 56-199] Attempt to get parsing info during refresh. "On-the-fly" syntax checking information may be incorrect. [E:\desktop\HdmiColorBar\HdmiColorBarDemo.srcs\sources_1\ColorBarPixelGenerator.v:]
WARNING: [filemgmt 56-199] Attempt to get parsing info during refresh. "On-the-fly" syntax checking information may be incorrect. [E:\desktop\HdmiColorBar\HdmiColorBarDemo.srcs\sources_1\ColorBarPixelGenerator.v:]
WARNING: [filemgmt 56-199] Attempt to get parsing info during refresh. "On-the-fly" syntax checking information may be incorrect. [E:\desktop\HdmiColorBar\HdmiColorBarDemo.srcs\sources_1\ColorBarPixelGenerator.v:]
launch_simulation
Command: launch_simulation 
INFO: [Vivado 12-12493] Simulation top is 'tb_colorbar'
WARNING: [Vivado 12-13340] Unable to auto find GCC executables from simulator install path! (path not set)
INFO: [Vivado 12-5682] Launching behavioral simulation in 'E:/desktop/HdmiColorBar/HdmiColorBarDemo.sim/sim_1/behav/xsim'
INFO: [SIM-utils-51] Simulation object is 'sim_1'
INFO: [SIM-utils-72] Using boost library from 'C:/vivado/Vivado/2024.2/tps/boost_1_72_0'
INFO: [SIM-utils-54] Inspecting design source files for 'tb_colorbar' in fileset 'sim_1'...
INFO: [USF-XSim-97] Finding global include files...
INFO: [USF-XSim-98] Fetching design files from 'sim_1'...
INFO: [USF-XSim-2] XSim::Compile design
INFO: [USF-XSim-61] Executing 'COMPILE and ANALYZE' step in 'E:/desktop/HdmiColorBar/HdmiColorBarDemo.sim/sim_1/behav/xsim'
WARNING: [filemgmt 56-199] Attempt to get parsing info during refresh. "On-the-fly" syntax checking information may be incorrect. [E:\desktop\HdmiColorBar\HdmiColorBarDemo.srcs\sources_1\HdmiColorBarDemo.v:]
WARNING: [filemgmt 56-199] Attempt to get parsing info during refresh. "On-the-fly" syntax checking information may be incorrect. [E:\desktop\HdmiColorBar\HdmiColorBarDemo.srcs\sim_1\new\tb_colorbar.v:]
WARNING: [filemgmt 56-199] Attempt to get parsing info during refresh. "On-the-fly" syntax checking information may be incorrect. [E:\desktop\HdmiColorBar\HdmiColorBarDemo.srcs\sources_1\ColorBarPixelGenerator.v:]
WARNING: [filemgmt 56-199] Attempt to get parsing info during refresh. "On-the-fly" syntax checking information may be incorrect. [E:\desktop\HdmiColorBar\HdmiColorBarDemo.srcs\sim_1\new\tb_colorbar.v:]
WARNING: [filemgmt 56-199] Attempt to get parsing info during refresh. "On-the-fly" syntax checking information may be incorrect. [E:\desktop\HdmiColorBar\HdmiColorBarDemo.srcs\sim_1\new\tb_colorbar.v:]
"xvlog --incr --relax -prj tb_colorbar_vlog.prj"
INFO: [VRFC 10-2263] Analyzing Verilog file "E:/desktop/HdmiColorBar/HdmiColorBarDemo.srcs/sources_1/ColorBarPixelGenerator.v" into library xil_defaultlib
INFO: [VRFC 10-311] analyzing module ColorBarPixelGenerator
INFO: [VRFC 10-2263] Analyzing Verilog file "E:/desktop/HdmiColorBar/HdmiColorBarDemo.srcs/sim_1/new/tb_colorbar.v" into library xil_defaultlib
INFO: [VRFC 10-311] analyzing module tb_colorbar
INFO: [USF-XSim-69] 'compile' step finished in '1' seconds
INFO: [USF-XSim-3] XSim::Elaborate design
INFO: [USF-XSim-61] Executing 'ELABORATE' step in 'E:/desktop/HdmiColorBar/HdmiColorBarDemo.sim/sim_1/behav/xsim'
"xelab --incr --debug typical --relax --mt 2 -L xil_defaultlib -L unisims_ver -L unimacro_ver -L secureip --snapshot tb_colorbar_behav xil_defaultlib.tb_colorbar xil_defaultlib.glbl -log elaborate.log"
Vivado Simulator v2024.2.0
Copyright 1986-2022 Xilinx, Inc. All Rights Reserved.
Copyright 2022-2024 Advanced Micro Devices, Inc. All Rights Reserved.
Running: C:/vivado/Vivado/2024.2/bin/unwrapped/win64.o/xelab.exe --incr --debug typical --relax --mt 2 -L xil_defaultlib -L unisims_ver -L unimacro_ver -L secureip --snapshot tb_colorbar_behav xil_defaultlib.tb_colorbar xil_defaultlib.glbl -log elaborate.log 
Using 2 slave threads.
Starting static elaboration
Pass Through NonSizing Optimizer
Completed static elaboration
Starting simulation data flow analysis
WARNING: [XSIM 43-4099] "E:/desktop/HdmiColorBar/HdmiColorBarDemo.srcs/sources_1/ColorBarPixelGenerator.v" Line 2. Module ColorBarPixelGenerator(H_ACTIVE=8,H_FP=2,H_SYNC=2,H_BP=2,V_ACTIVE=2,V_FP=2,V_SYNC=2,V_BP=2) doesn't have a timescale but at least one module in design has a timescale.
WARNING: [XSIM 43-4099] "E:/desktop/HdmiColorBar/HdmiColorBarDemo.srcs/sources_1/ColorBarPixelGenerator.v" Line 2. Module ColorBarPixelGenerator(H_ACTIVE=8,H_FP=2,H_SYNC=2,H_BP=2,V_ACTIVE=2,V_FP=2,V_SYNC=2,V_BP=2) doesn't have a timescale but at least one module in design has a timescale.
Completed simulation data flow analysis
Time Resolution for simulation is 1ps
Compiling module xil_defaultlib.ColorBarPixelGenerator(H_ACTIVE=...
Compiling module xil_defaultlib.tb_colorbar
Compiling module xil_defaultlib.glbl
Built simulation snapshot tb_colorbar_behav
run_program: Time (s): cpu = 00:00:00 ; elapsed = 00:00:05 . Memory (MB): peak = 1334.281 ; gain = 0.000
INFO: [USF-XSim-69] 'elaborate' step finished in '5' seconds
INFO: [USF-XSim-4] XSim::Simulate design
INFO: [USF-XSim-61] Executing 'SIMULATE' step in 'E:/desktop/HdmiColorBar/HdmiColorBarDemo.sim/sim_1/behav/xsim'
INFO: [USF-XSim-98] *** Running xsim
   with args "tb_colorbar_behav -key {Behavioral:sim_1:Functional:tb_colorbar} -tclbatch {tb_colorbar.tcl} -log {simulate.log}"
INFO: [USF-XSim-8] Loading simulator feature
Time resolution is 1 ps
source tb_colorbar.tcl
# set curr_wave [current_wave_config]
# if { [string length $curr_wave] == 0 } {
#   if { [llength [get_objects]] > 0} {
#     add_wave /
#     set_property needs_save false [current_wave_config]
#   } else {
#      send_msg_id Add_Wave-1 WARNING "No top level signals found. Simulator will start without a wave window. If you want to open a wave window go to 'File->New Waveform Configuration' or type 'create_wave_config' in the TCL console."
#   }
# }
# run 1000ns
2000 phase=0 rot_cnt =  0
6000 phase=0 rot_cnt =  0
10000 phase=0 rot_cnt =  0
14000 phase=0 rot_cnt =  0
18000 phase=0 rot_cnt =  0
22000 phase=0 rot_cnt =  0
26000 phase=0 rot_cnt =  0
30000 phase=0 rot_cnt =  0
34000 phase=0 rot_cnt =  0
38000 phase=0 rot_cnt =  0
42000 phase=0 rot_cnt =  0
46000 phase=0 rot_cnt =  0
50000 phase=0 rot_cnt =  0
54000 phase=0 rot_cnt =  0
58000 phase=0 rot_cnt =  0
62000 phase=0 rot_cnt =  0
66000 phase=0 rot_cnt =  0
70000 phase=0 rot_cnt =  0
74000 phase=0 rot_cnt =  0
78000 phase=0 rot_cnt =  0
82000 phase=0 rot_cnt =  0
86000 phase=0 rot_cnt =  0
90000 phase=0 rot_cnt =  0
94000 phase=0 rot_cnt =  0
98000 phase=0 rot_cnt =  0
102000 phase=0 rot_cnt =  0
106000 phase=0 rot_cnt =  0
110000 phase=0 rot_cnt =  0
114000 phase=0 rot_cnt =  0
118000 phase=0 rot_cnt =  0
122000 phase=0 rot_cnt =  0
126000 phase=0 rot_cnt =  0
130000 phase=0 rot_cnt =  0
134000 phase=0 rot_cnt =  0
138000 phase=0 rot_cnt =  0
142000 phase=0 rot_cnt =  0
146000 phase=0 rot_cnt =  0
150000 phase=0 rot_cnt =  0
154000 phase=0 rot_cnt =  0
158000 phase=0 rot_cnt =  0
162000 phase=0 rot_cnt =  0
166000 phase=0 rot_cnt =  0
170000 phase=0 rot_cnt =  0
174000 phase=0 rot_cnt =  0
178000 phase=0 rot_cnt =  0
182000 phase=0 rot_cnt =  0
186000 phase=0 rot_cnt =  0
190000 phase=0 rot_cnt =  0
194000 phase=0 rot_cnt =  0
198000 phase=0 rot_cnt =  0
202000 phase=0 rot_cnt =  0
206000 phase=0 rot_cnt =  0
210000 phase=0 rot_cnt =  0
214000 phase=0 rot_cnt =  0
218000 phase=0 rot_cnt =  0
222000 phase=0 rot_cnt =  0
226000 phase=0 rot_cnt =  0
230000 phase=0 rot_cnt =  0
234000 phase=0 rot_cnt =  0
238000 phase=0 rot_cnt =  0
242000 phase=0 rot_cnt =  0
246000 phase=0 rot_cnt =  0
250000 phase=0 rot_cnt =  0
254000 phase=0 rot_cnt =  0
258000 phase=0 rot_cnt =  0
262000 phase=0 rot_cnt =  0
266000 phase=0 rot_cnt =  0
270000 phase=0 rot_cnt =  0
274000 phase=0 rot_cnt =  0
278000 phase=0 rot_cnt =  0
282000 phase=0 rot_cnt =  0
286000 phase=0 rot_cnt =  0
290000 phase=0 rot_cnt =  0
294000 phase=0 rot_cnt =  0
298000 phase=0 rot_cnt =  0
302000 phase=0 rot_cnt =  0
306000 phase=0 rot_cnt =  0
310000 phase=0 rot_cnt =  0
314000 phase=0 rot_cnt =  0
318000 phase=0 rot_cnt =  0
322000 phase=0 rot_cnt =  0
326000 phase=0 rot_cnt =  0
330000 phase=0 rot_cnt =  0
334000 phase=0 rot_cnt =  0
338000 phase=0 rot_cnt =  0
342000 phase=0 rot_cnt =  0
346000 phase=0 rot_cnt =  0
350000 phase=0 rot_cnt =  0
354000 phase=0 rot_cnt =  0
358000 phase=0 rot_cnt =  0
362000 phase=0 rot_cnt =  0
366000 phase=0 rot_cnt =  0
370000 phase=0 rot_cnt =  0
374000 phase=0 rot_cnt =  0
378000 phase=0 rot_cnt =  0
382000 phase=0 rot_cnt =  0
386000 phase=0 rot_cnt =  0
390000 phase=0 rot_cnt =  0
394000 phase=0 rot_cnt =  0
398000 phase=0 rot_cnt =  0
402000 phase=0 rot_cnt =  0
406000 phase=0 rot_cnt =  0
410000 phase=0 rot_cnt =  0
414000 phase=0 rot_cnt =  0
418000 phase=0 rot_cnt =  0
422000 phase=0 rot_cnt =  0
426000 phase=0 rot_cnt =  0
430000 phase=0 rot_cnt =  0
434000 phase=0 rot_cnt =  0
438000 phase=0 rot_cnt =  0
442000 phase=0 rot_cnt =  0
446000 phase=0 rot_cnt =  0
450000 phase=0 rot_cnt =  0
454000 phase=0 rot_cnt =  0
458000 phase=0 rot_cnt =  0
462000 phase=0 rot_cnt =  0
466000 phase=0 rot_cnt =  0
470000 phase=0 rot_cnt =  0
474000 phase=0 rot_cnt =  0
478000 phase=0 rot_cnt =  0
482000 phase=0 rot_cnt =  0
486000 phase=0 rot_cnt =  0
490000 phase=0 rot_cnt =  0
494000 phase=0 rot_cnt =  0
498000 phase=0 rot_cnt =  0
502000 phase=0 rot_cnt =  0
506000 phase=0 rot_cnt =  0
510000 phase=0 rot_cnt =  0
514000 phase=0 rot_cnt =  0
518000 phase=0 rot_cnt =  0
522000 phase=0 rot_cnt =  0
526000 phase=0 rot_cnt =  0
530000 phase=0 rot_cnt =  0
534000 phase=0 rot_cnt =  0
538000 phase=0 rot_cnt =  0
542000 phase=0 rot_cnt =  0
546000 phase=0 rot_cnt =  0
550000 phase=0 rot_cnt =  0
554000 phase=0 rot_cnt =  0
558000 phase=0 rot_cnt =  0
562000 phase=0 rot_cnt =  0
566000 phase=0 rot_cnt =  0
570000 phase=0 rot_cnt =  0
574000 phase=0 rot_cnt =  0
578000 phase=0 rot_cnt =  0
582000 phase=0 rot_cnt =  0
586000 phase=0 rot_cnt =  0
590000 phase=0 rot_cnt =  0
594000 phase=0 rot_cnt =  0
598000 phase=0 rot_cnt =  0
602000 phase=0 rot_cnt =  1
606000 phase=0 rot_cnt =  1
610000 phase=0 rot_cnt =  1
614000 phase=0 rot_cnt =  1
618000 phase=0 rot_cnt =  1
622000 phase=0 rot_cnt =  1
626000 phase=0 rot_cnt =  1
630000 phase=0 rot_cnt =  1
634000 phase=0 rot_cnt =  1
638000 phase=0 rot_cnt =  1
642000 phase=0 rot_cnt =  1
646000 phase=0 rot_cnt =  1
650000 phase=0 rot_cnt =  1
654000 phase=0 rot_cnt =  1
658000 phase=0 rot_cnt =  1
662000 phase=0 rot_cnt =  1
666000 phase=0 rot_cnt =  1
670000 phase=0 rot_cnt =  1
674000 phase=0 rot_cnt =  1
678000 phase=0 rot_cnt =  1
682000 phase=0 rot_cnt =  1
686000 phase=0 rot_cnt =  1
690000 phase=0 rot_cnt =  1
694000 phase=0 rot_cnt =  1
698000 phase=0 rot_cnt =  1
702000 phase=0 rot_cnt =  1
706000 phase=0 rot_cnt =  1
710000 phase=0 rot_cnt =  1
714000 phase=0 rot_cnt =  1
718000 phase=0 rot_cnt =  1
722000 phase=0 rot_cnt =  1
726000 phase=0 rot_cnt =  1
730000 phase=0 rot_cnt =  1
734000 phase=0 rot_cnt =  1
738000 phase=0 rot_cnt =  1
742000 phase=0 rot_cnt =  1
746000 phase=0 rot_cnt =  1
750000 phase=0 rot_cnt =  1
754000 phase=0 rot_cnt =  1
758000 phase=0 rot_cnt =  1
762000 phase=0 rot_cnt =  1
766000 phase=0 rot_cnt =  1
770000 phase=0 rot_cnt =  1
774000 phase=0 rot_cnt =  1
778000 phase=0 rot_cnt =  1
782000 phase=0 rot_cnt =  1
786000 phase=0 rot_cnt =  1
790000 phase=0 rot_cnt =  1
794000 phase=0 rot_cnt =  1
798000 phase=0 rot_cnt =  1
802000 phase=0 rot_cnt =  1
806000 phase=0 rot_cnt =  1
810000 phase=0 rot_cnt =  1
814000 phase=0 rot_cnt =  1
818000 phase=0 rot_cnt =  1
822000 phase=0 rot_cnt =  1
826000 phase=0 rot_cnt =  1
830000 phase=0 rot_cnt =  1
834000 phase=0 rot_cnt =  1
838000 phase=0 rot_cnt =  1
842000 phase=0 rot_cnt =  1
846000 phase=0 rot_cnt =  1
850000 phase=0 rot_cnt =  1
854000 phase=0 rot_cnt =  1
858000 phase=0 rot_cnt =  1
862000 phase=0 rot_cnt =  1
866000 phase=0 rot_cnt =  1
870000 phase=0 rot_cnt =  1
874000 phase=0 rot_cnt =  1
878000 phase=0 rot_cnt =  1
882000 phase=0 rot_cnt =  1
886000 phase=0 rot_cnt =  1
890000 phase=0 rot_cnt =  1
894000 phase=0 rot_cnt =  1
898000 phase=0 rot_cnt =  1
902000 phase=0 rot_cnt =  1
906000 phase=0 rot_cnt =  1
910000 phase=0 rot_cnt =  1
914000 phase=0 rot_cnt =  1
918000 phase=0 rot_cnt =  1
922000 phase=0 rot_cnt =  1
926000 phase=0 rot_cnt =  1
930000 phase=0 rot_cnt =  1
934000 phase=0 rot_cnt =  1
938000 phase=0 rot_cnt =  1
942000 phase=0 rot_cnt =  1
946000 phase=0 rot_cnt =  1
950000 phase=0 rot_cnt =  1
954000 phase=0 rot_cnt =  1
958000 phase=0 rot_cnt =  1
962000 phase=0 rot_cnt =  1
966000 phase=0 rot_cnt =  1
970000 phase=0 rot_cnt =  1
974000 phase=0 rot_cnt =  1
978000 phase=0 rot_cnt =  1
982000 phase=0 rot_cnt =  1
986000 phase=0 rot_cnt =  1
990000 phase=0 rot_cnt =  1
994000 phase=0 rot_cnt =  1
998000 phase=0 rot_cnt =  1
INFO: [USF-XSim-96] XSim completed. Design snapshot 'tb_colorbar_behav' loaded.
INFO: [USF-XSim-97] XSim simulation ran for 1000ns
launch_simulation: Time (s): cpu = 00:00:02 ; elapsed = 00:00:09 . Memory (MB): peak = 1370.691 ; gain = 36.410
close_sim
WARNING: [filemgmt 56-199] Attempt to get parsing info during refresh. "On-the-fly" syntax checking information may be incorrect. [E:\desktop\HdmiColorBar\HdmiColorBarDemo.srcs\sources_1\HdmiColorBarDemo.v:]
WARNING: [filemgmt 56-199] Attempt to get parsing info during refresh. "On-the-fly" syntax checking information may be incorrect. [E:\desktop\HdmiColorBar\HdmiColorBarDemo.srcs\sim_1\new\tb_colorbar.v:]
WARNING: [filemgmt 56-199] Attempt to get parsing info during refresh. "On-the-fly" syntax checking information may be incorrect. [E:\desktop\HdmiColorBar\HdmiColorBarDemo.srcs\sources_1\ColorBarPixelGenerator.v:]
WARNING: [filemgmt 56-199] Attempt to get parsing info during refresh. "On-the-fly" syntax checking information may be incorrect. [E:\desktop\HdmiColorBar\HdmiColorBarDemo.srcs\sources_1\ColorBarPixelGenerator.v:]
WARNING: [filemgmt 56-199] Attempt to get parsing info during refresh. "On-the-fly" syntax checking information may be incorrect. [E:\desktop\HdmiColorBar\HdmiColorBarDemo.srcs\sources_1\ColorBarPixelGenerator.v:]
INFO: [Simtcl 6-16] Simulation closed
WARNING: [filemgmt 56-199] Attempt to get parsing info during refresh. "On-the-fly" syntax checking information may be incorrect. [E:\desktop\HdmiColorBar\HdmiColorBarDemo.srcs\sources_1\HdmiColorBarDemo.v:]
WARNING: [filemgmt 56-199] Attempt to get parsing info during refresh. "On-the-fly" syntax checking information may be incorrect. [E:\desktop\HdmiColorBar\HdmiColorBarDemo.srcs\sim_1\new\tb_colorbar.v:]
WARNING: [filemgmt 56-199] Attempt to get parsing info during refresh. "On-the-fly" syntax checking information may be incorrect. [E:\desktop\HdmiColorBar\HdmiColorBarDemo.srcs\sources_1\ColorBarPixelGenerator.v:]
WARNING: [filemgmt 56-199] Attempt to get parsing info during refresh. "On-the-fly" syntax checking information may be incorrect. [E:\desktop\HdmiColorBar\HdmiColorBarDemo.srcs\sim_1\new\tb_colorbar.v:]
WARNING: [filemgmt 56-199] Attempt to get parsing info during refresh. "On-the-fly" syntax checking information may be incorrect. [E:\desktop\HdmiColorBar\HdmiColorBarDemo.srcs\sim_1\new\tb_colorbar.v:]
launch_simulation
Command: launch_simulation 
INFO: [Vivado 12-12493] Simulation top is 'tb_colorbar'
WARNING: [Vivado 12-13340] Unable to auto find GCC executables from simulator install path! (path not set)
INFO: [Vivado 12-5682] Launching behavioral simulation in 'E:/desktop/HdmiColorBar/HdmiColorBarDemo.sim/sim_1/behav/xsim'
INFO: [SIM-utils-51] Simulation object is 'sim_1'
INFO: [SIM-utils-72] Using boost library from 'C:/vivado/Vivado/2024.2/tps/boost_1_72_0'
INFO: [SIM-utils-54] Inspecting design source files for 'tb_colorbar' in fileset 'sim_1'...
INFO: [USF-XSim-97] Finding global include files...
INFO: [USF-XSim-98] Fetching design files from 'sim_1'...
INFO: [USF-XSim-2] XSim::Compile design
INFO: [USF-XSim-61] Executing 'COMPILE and ANALYZE' step in 'E:/desktop/HdmiColorBar/HdmiColorBarDemo.sim/sim_1/behav/xsim'
"xvlog --incr --relax -prj tb_colorbar_vlog.prj"
INFO: [VRFC 10-2263] Analyzing Verilog file "E:/desktop/HdmiColorBar/HdmiColorBarDemo.srcs/sources_1/ColorBarPixelGenerator.v" into library xil_defaultlib
INFO: [VRFC 10-311] analyzing module ColorBarPixelGenerator
INFO: [VRFC 10-2263] Analyzing Verilog file "E:/desktop/HdmiColorBar/HdmiColorBarDemo.srcs/sim_1/new/tb_colorbar.v" into library xil_defaultlib
INFO: [VRFC 10-311] analyzing module tb_colorbar
INFO: [USF-XSim-69] 'compile' step finished in '1' seconds
INFO: [USF-XSim-3] XSim::Elaborate design
INFO: [USF-XSim-61] Executing 'ELABORATE' step in 'E:/desktop/HdmiColorBar/HdmiColorBarDemo.sim/sim_1/behav/xsim'
"xelab --incr --debug typical --relax --mt 2 -L xil_defaultlib -L unisims_ver -L unimacro_ver -L secureip --snapshot tb_colorbar_behav xil_defaultlib.tb_colorbar xil_defaultlib.glbl -log elaborate.log"
Vivado Simulator v2024.2.0
Copyright 1986-2022 Xilinx, Inc. All Rights Reserved.
Copyright 2022-2024 Advanced Micro Devices, Inc. All Rights Reserved.
Running: C:/vivado/Vivado/2024.2/bin/unwrapped/win64.o/xelab.exe --incr --debug typical --relax --mt 2 -L xil_defaultlib -L unisims_ver -L unimacro_ver -L secureip --snapshot tb_colorbar_behav xil_defaultlib.tb_colorbar xil_defaultlib.glbl -log elaborate.log 
Using 2 slave threads.
Starting static elaboration
Pass Through NonSizing Optimizer
Completed static elaboration
Starting simulation data flow analysis
WARNING: [XSIM 43-4099] "E:/desktop/HdmiColorBar/HdmiColorBarDemo.srcs/sources_1/ColorBarPixelGenerator.v" Line 2. Module ColorBarPixelGenerator(H_ACTIVE=8,H_FP=2,H_SYNC=2,H_BP=2,V_ACTIVE=2,V_FP=2,V_SYNC=2,V_BP=2) doesn't have a timescale but at least one module in design has a timescale.
WARNING: [XSIM 43-4099] "E:/desktop/HdmiColorBar/HdmiColorBarDemo.srcs/sources_1/ColorBarPixelGenerator.v" Line 2. Module ColorBarPixelGenerator(H_ACTIVE=8,H_FP=2,H_SYNC=2,H_BP=2,V_ACTIVE=2,V_FP=2,V_SYNC=2,V_BP=2) doesn't have a timescale but at least one module in design has a timescale.
Completed simulation data flow analysis
Time Resolution for simulation is 1ps
Compiling module xil_defaultlib.ColorBarPixelGenerator(H_ACTIVE=...
Compiling module xil_defaultlib.tb_colorbar
Compiling module xil_defaultlib.glbl
Built simulation snapshot tb_colorbar_behav
INFO: [USF-XSim-69] 'elaborate' step finished in '2' seconds
INFO: [USF-XSim-4] XSim::Simulate design
INFO: [USF-XSim-61] Executing 'SIMULATE' step in 'E:/desktop/HdmiColorBar/HdmiColorBarDemo.sim/sim_1/behav/xsim'
INFO: [USF-XSim-98] *** Running xsim
   with args "tb_colorbar_behav -key {Behavioral:sim_1:Functional:tb_colorbar} -tclbatch {tb_colorbar.tcl} -log {simulate.log}"
INFO: [USF-XSim-8] Loading simulator feature
Time resolution is 1 ps
source tb_colorbar.tcl
# set curr_wave [current_wave_config]
# if { [string length $curr_wave] == 0 } {
#   if { [llength [get_objects]] > 0} {
#     add_wave /
#     set_property needs_save false [current_wave_config]
#   } else {
#      send_msg_id Add_Wave-1 WARNING "No top level signals found. Simulator will start without a wave window. If you want to open a wave window go to 'File->New Waveform Configuration' or type 'create_wave_config' in the TCL console."
#   }
# }
# run 1000ns
2000 phase=0 rot_cnt =  0
6000 phase=0 rot_cnt =  0
10000 phase=0 rot_cnt =  0
14000 phase=0 rot_cnt =  0
18000 phase=0 rot_cnt =  0
22000 phase=0 rot_cnt =  0
26000 phase=0 rot_cnt =  0
30000 phase=0 rot_cnt =  0
34000 phase=0 rot_cnt =  0
38000 phase=0 rot_cnt =  0
42000 phase=0 rot_cnt =  0
46000 phase=0 rot_cnt =  0
50000 phase=0 rot_cnt =  0
54000 phase=0 rot_cnt =  0
58000 phase=0 rot_cnt =  0
62000 phase=0 rot_cnt =  0
66000 phase=0 rot_cnt =  0
70000 phase=0 rot_cnt =  0
74000 phase=0 rot_cnt =  0
78000 phase=0 rot_cnt =  0
82000 phase=0 rot_cnt =  0
86000 phase=0 rot_cnt =  0
90000 phase=0 rot_cnt =  0
94000 phase=0 rot_cnt =  0
98000 phase=0 rot_cnt =  0
102000 phase=0 rot_cnt =  0
106000 phase=0 rot_cnt =  0
110000 phase=0 rot_cnt =  0
114000 phase=0 rot_cnt =  0
118000 phase=0 rot_cnt =  0
122000 phase=0 rot_cnt =  0
126000 phase=0 rot_cnt =  0
130000 phase=0 rot_cnt =  0
134000 phase=0 rot_cnt =  0
138000 phase=0 rot_cnt =  0
142000 phase=0 rot_cnt =  0
146000 phase=0 rot_cnt =  0
150000 phase=0 rot_cnt =  0
154000 phase=0 rot_cnt =  0
158000 phase=0 rot_cnt =  0
162000 phase=0 rot_cnt =  0
166000 phase=0 rot_cnt =  0
170000 phase=0 rot_cnt =  0
174000 phase=0 rot_cnt =  0
178000 phase=0 rot_cnt =  0
182000 phase=0 rot_cnt =  0
186000 phase=0 rot_cnt =  0
190000 phase=0 rot_cnt =  0
194000 phase=0 rot_cnt =  0
198000 phase=0 rot_cnt =  0
202000 phase=0 rot_cnt =  0
206000 phase=0 rot_cnt =  0
210000 phase=0 rot_cnt =  0
214000 phase=0 rot_cnt =  0
218000 phase=0 rot_cnt =  0
222000 phase=0 rot_cnt =  0
226000 phase=0 rot_cnt =  0
230000 phase=0 rot_cnt =  0
234000 phase=0 rot_cnt =  0
238000 phase=0 rot_cnt =  0
242000 phase=0 rot_cnt =  0
246000 phase=0 rot_cnt =  0
250000 phase=0 rot_cnt =  0
254000 phase=0 rot_cnt =  0
258000 phase=0 rot_cnt =  0
262000 phase=0 rot_cnt =  0
266000 phase=0 rot_cnt =  0
270000 phase=0 rot_cnt =  0
274000 phase=0 rot_cnt =  0
278000 phase=0 rot_cnt =  0
282000 phase=0 rot_cnt =  0
286000 phase=0 rot_cnt =  0
290000 phase=0 rot_cnt =  0
294000 phase=0 rot_cnt =  0
298000 phase=0 rot_cnt =  0
302000 phase=0 rot_cnt =  0
306000 phase=0 rot_cnt =  0
310000 phase=0 rot_cnt =  0
314000 phase=0 rot_cnt =  0
318000 phase=0 rot_cnt =  0
322000 phase=0 rot_cnt =  0
326000 phase=0 rot_cnt =  0
330000 phase=0 rot_cnt =  0
334000 phase=0 rot_cnt =  0
338000 phase=0 rot_cnt =  0
342000 phase=0 rot_cnt =  0
346000 phase=0 rot_cnt =  0
350000 phase=0 rot_cnt =  0
354000 phase=0 rot_cnt =  0
358000 phase=0 rot_cnt =  0
362000 phase=0 rot_cnt =  0
366000 phase=0 rot_cnt =  0
370000 phase=0 rot_cnt =  0
374000 phase=0 rot_cnt =  0
378000 phase=0 rot_cnt =  0
382000 phase=0 rot_cnt =  0
386000 phase=0 rot_cnt =  0
390000 phase=0 rot_cnt =  0
394000 phase=0 rot_cnt =  0
398000 phase=0 rot_cnt =  0
402000 phase=0 rot_cnt =  0
406000 phase=0 rot_cnt =  0
410000 phase=0 rot_cnt =  0
414000 phase=0 rot_cnt =  0
418000 phase=0 rot_cnt =  0
422000 phase=0 rot_cnt =  0
426000 phase=0 rot_cnt =  0
430000 phase=0 rot_cnt =  0
434000 phase=0 rot_cnt =  0
438000 phase=0 rot_cnt =  0
442000 phase=0 rot_cnt =  0
446000 phase=0 rot_cnt =  0
450000 phase=0 rot_cnt =  0
454000 phase=0 rot_cnt =  0
458000 phase=0 rot_cnt =  0
462000 phase=0 rot_cnt =  0
466000 phase=0 rot_cnt =  0
470000 phase=0 rot_cnt =  0
474000 phase=0 rot_cnt =  0
478000 phase=0 rot_cnt =  0
482000 phase=0 rot_cnt =  0
486000 phase=0 rot_cnt =  0
490000 phase=0 rot_cnt =  0
494000 phase=0 rot_cnt =  0
498000 phase=0 rot_cnt =  0
502000 phase=0 rot_cnt =  0
506000 phase=0 rot_cnt =  0
510000 phase=0 rot_cnt =  0
514000 phase=0 rot_cnt =  0
518000 phase=0 rot_cnt =  0
522000 phase=0 rot_cnt =  0
526000 phase=0 rot_cnt =  0
530000 phase=0 rot_cnt =  0
534000 phase=0 rot_cnt =  0
538000 phase=0 rot_cnt =  0
542000 phase=0 rot_cnt =  0
546000 phase=0 rot_cnt =  0
550000 phase=0 rot_cnt =  0
554000 phase=0 rot_cnt =  0
558000 phase=0 rot_cnt =  0
562000 phase=0 rot_cnt =  0
566000 phase=0 rot_cnt =  0
570000 phase=0 rot_cnt =  0
574000 phase=0 rot_cnt =  0
578000 phase=0 rot_cnt =  0
582000 phase=0 rot_cnt =  0
586000 phase=0 rot_cnt =  0
590000 phase=0 rot_cnt =  0
594000 phase=0 rot_cnt =  1
598000 phase=0 rot_cnt =  1
602000 phase=0 rot_cnt =  1
606000 phase=0 rot_cnt =  1
610000 phase=0 rot_cnt =  1
614000 phase=0 rot_cnt =  1
618000 phase=0 rot_cnt =  1
622000 phase=0 rot_cnt =  1
626000 phase=0 rot_cnt =  1
630000 phase=0 rot_cnt =  1
634000 phase=0 rot_cnt =  1
638000 phase=0 rot_cnt =  1
642000 phase=0 rot_cnt =  1
646000 phase=0 rot_cnt =  1
650000 phase=0 rot_cnt =  1
654000 phase=0 rot_cnt =  1
658000 phase=0 rot_cnt =  1
662000 phase=0 rot_cnt =  1
666000 phase=0 rot_cnt =  1
670000 phase=0 rot_cnt =  1
674000 phase=0 rot_cnt =  1
678000 phase=0 rot_cnt =  1
682000 phase=0 rot_cnt =  1
686000 phase=0 rot_cnt =  1
690000 phase=0 rot_cnt =  1
694000 phase=0 rot_cnt =  1
698000 phase=0 rot_cnt =  1
702000 phase=0 rot_cnt =  1
706000 phase=0 rot_cnt =  1
710000 phase=0 rot_cnt =  1
714000 phase=0 rot_cnt =  1
718000 phase=0 rot_cnt =  1
722000 phase=0 rot_cnt =  1
726000 phase=0 rot_cnt =  1
730000 phase=0 rot_cnt =  1
734000 phase=0 rot_cnt =  1
738000 phase=0 rot_cnt =  1
742000 phase=0 rot_cnt =  1
746000 phase=0 rot_cnt =  1
750000 phase=0 rot_cnt =  1
754000 phase=0 rot_cnt =  1
758000 phase=0 rot_cnt =  1
762000 phase=0 rot_cnt =  1
766000 phase=0 rot_cnt =  1
770000 phase=0 rot_cnt =  1
774000 phase=0 rot_cnt =  1
778000 phase=0 rot_cnt =  1
782000 phase=0 rot_cnt =  1
786000 phase=0 rot_cnt =  1
790000 phase=0 rot_cnt =  1
794000 phase=0 rot_cnt =  1
798000 phase=0 rot_cnt =  1
802000 phase=0 rot_cnt =  1
806000 phase=0 rot_cnt =  1
810000 phase=0 rot_cnt =  1
814000 phase=0 rot_cnt =  1
818000 phase=0 rot_cnt =  1
822000 phase=0 rot_cnt =  1
826000 phase=0 rot_cnt =  1
830000 phase=0 rot_cnt =  1
834000 phase=0 rot_cnt =  1
838000 phase=0 rot_cnt =  1
842000 phase=0 rot_cnt =  1
846000 phase=0 rot_cnt =  1
850000 phase=0 rot_cnt =  1
854000 phase=0 rot_cnt =  1
858000 phase=0 rot_cnt =  1
862000 phase=0 rot_cnt =  1
866000 phase=0 rot_cnt =  1
870000 phase=0 rot_cnt =  1
874000 phase=0 rot_cnt =  1
878000 phase=0 rot_cnt =  1
882000 phase=0 rot_cnt =  1
886000 phase=0 rot_cnt =  1
890000 phase=0 rot_cnt =  1
894000 phase=0 rot_cnt =  1
898000 phase=0 rot_cnt =  1
902000 phase=0 rot_cnt =  1
906000 phase=0 rot_cnt =  1
910000 phase=0 rot_cnt =  1
914000 phase=0 rot_cnt =  1
918000 phase=0 rot_cnt =  1
922000 phase=0 rot_cnt =  1
926000 phase=0 rot_cnt =  1
930000 phase=0 rot_cnt =  1
934000 phase=0 rot_cnt =  1
938000 phase=0 rot_cnt =  1
942000 phase=0 rot_cnt =  1
946000 phase=0 rot_cnt =  1
950000 phase=0 rot_cnt =  1
954000 phase=0 rot_cnt =  1
958000 phase=0 rot_cnt =  1
962000 phase=0 rot_cnt =  1
966000 phase=0 rot_cnt =  1
970000 phase=0 rot_cnt =  1
974000 phase=0 rot_cnt =  1
978000 phase=0 rot_cnt =  1
982000 phase=0 rot_cnt =  1
986000 phase=0 rot_cnt =  1
990000 phase=0 rot_cnt =  1
994000 phase=0 rot_cnt =  1
998000 phase=0 rot_cnt =  1
INFO: [USF-XSim-96] XSim completed. Design snapshot 'tb_colorbar_behav' loaded.
INFO: [USF-XSim-97] XSim simulation ran for 1000ns
launch_simulation: Time (s): cpu = 00:00:05 ; elapsed = 00:00:06 . Memory (MB): peak = 1423.613 ; gain = 13.145
close_sim
WARNING: [filemgmt 56-199] Attempt to get parsing info during refresh. "On-the-fly" syntax checking information may be incorrect. [E:\desktop\HdmiColorBar\HdmiColorBarDemo.srcs\sources_1\HdmiColorBarDemo.v:]
WARNING: [filemgmt 56-199] Attempt to get parsing info during refresh. "On-the-fly" syntax checking information may be incorrect. [E:\desktop\HdmiColorBar\HdmiColorBarDemo.srcs\sim_1\new\tb_colorbar.v:]
WARNING: [filemgmt 56-199] Attempt to get parsing info during refresh. "On-the-fly" syntax checking information may be incorrect. [E:\desktop\HdmiColorBar\HdmiColorBarDemo.srcs\sources_1\ColorBarPixelGenerator.v:]
WARNING: [filemgmt 56-199] Attempt to get parsing info during refresh. "On-the-fly" syntax checking information may be incorrect. [E:\desktop\HdmiColorBar\HdmiColorBarDemo.srcs\sources_1\ColorBarPixelGenerator.v:]
WARNING: [filemgmt 56-199] Attempt to get parsing info during refresh. "On-the-fly" syntax checking information may be incorrect. [E:\desktop\HdmiColorBar\HdmiColorBarDemo.srcs\sources_1\ColorBarPixelGenerator.v:]
INFO: [Simtcl 6-16] Simulation closed
WARNING: [filemgmt 56-199] Attempt to get parsing info during refresh. "On-the-fly" syntax checking information may be incorrect. [E:\desktop\HdmiColorBar\HdmiColorBarDemo.srcs\sources_1\HdmiColorBarDemo.v:]
WARNING: [filemgmt 56-199] Attempt to get parsing info during refresh. "On-the-fly" syntax checking information may be incorrect. [E:\desktop\HdmiColorBar\HdmiColorBarDemo.srcs\sim_1\new\tb_colorbar.v:]
WARNING: [filemgmt 56-199] Attempt to get parsing info during refresh. "On-the-fly" syntax checking information may be incorrect. [E:\desktop\HdmiColorBar\HdmiColorBarDemo.srcs\sources_1\ColorBarPixelGenerator.v:]
WARNING: [filemgmt 56-199] Attempt to get parsing info during refresh. "On-the-fly" syntax checking information may be incorrect. [E:\desktop\HdmiColorBar\HdmiColorBarDemo.srcs\sources_1\HdmiColorBarDemo.v:]
WARNING: [filemgmt 56-199] Attempt to get parsing info during refresh. "On-the-fly" syntax checking information may be incorrect. [E:\desktop\HdmiColorBar\HdmiColorBarDemo.srcs\sources_1\HdmiColorBarDemo.v:]
launch_simulation
Command: launch_simulation 
INFO: [Vivado 12-12493] Simulation top is 'tb_colorbar'
WARNING: [Vivado 12-13340] Unable to auto find GCC executables from simulator install path! (path not set)
INFO: [Vivado 12-5682] Launching behavioral simulation in 'E:/desktop/HdmiColorBar/HdmiColorBarDemo.sim/sim_1/behav/xsim'
INFO: [SIM-utils-51] Simulation object is 'sim_1'
INFO: [SIM-utils-72] Using boost library from 'C:/vivado/Vivado/2024.2/tps/boost_1_72_0'
INFO: [SIM-utils-54] Inspecting design source files for 'tb_colorbar' in fileset 'sim_1'...
INFO: [USF-XSim-97] Finding global include files...
INFO: [USF-XSim-98] Fetching design files from 'sim_1'...
INFO: [USF-XSim-2] XSim::Compile design
INFO: [USF-XSim-61] Executing 'COMPILE and ANALYZE' step in 'E:/desktop/HdmiColorBar/HdmiColorBarDemo.sim/sim_1/behav/xsim'
"xvlog --incr --relax -prj tb_colorbar_vlog.prj"
INFO: [VRFC 10-2263] Analyzing Verilog file "E:/desktop/HdmiColorBar/HdmiColorBarDemo.srcs/sources_1/ColorBarPixelGenerator.v" into library xil_defaultlib
INFO: [VRFC 10-311] analyzing module ColorBarPixelGenerator
INFO: [VRFC 10-2263] Analyzing Verilog file "E:/desktop/HdmiColorBar/HdmiColorBarDemo.srcs/sim_1/new/tb_colorbar.v" into library xil_defaultlib
INFO: [VRFC 10-311] analyzing module tb_colorbar
INFO: [USF-XSim-69] 'compile' step finished in '1' seconds
INFO: [USF-XSim-3] XSim::Elaborate design
INFO: [USF-XSim-61] Executing 'ELABORATE' step in 'E:/desktop/HdmiColorBar/HdmiColorBarDemo.sim/sim_1/behav/xsim'
"xelab --incr --debug typical --relax --mt 2 -L xil_defaultlib -L unisims_ver -L unimacro_ver -L secureip --snapshot tb_colorbar_behav xil_defaultlib.tb_colorbar xil_defaultlib.glbl -log elaborate.log"
Vivado Simulator v2024.2.0
Copyright 1986-2022 Xilinx, Inc. All Rights Reserved.
Copyright 2022-2024 Advanced Micro Devices, Inc. All Rights Reserved.
Running: C:/vivado/Vivado/2024.2/bin/unwrapped/win64.o/xelab.exe --incr --debug typical --relax --mt 2 -L xil_defaultlib -L unisims_ver -L unimacro_ver -L secureip --snapshot tb_colorbar_behav xil_defaultlib.tb_colorbar xil_defaultlib.glbl -log elaborate.log 
Using 2 slave threads.
Starting static elaboration
Pass Through NonSizing Optimizer
Completed static elaboration
Starting simulation data flow analysis
WARNING: [XSIM 43-4099] "E:/desktop/HdmiColorBar/HdmiColorBarDemo.srcs/sources_1/ColorBarPixelGenerator.v" Line 2. Module ColorBarPixelGenerator(H_ACTIVE=8,H_FP=2,H_SYNC=2,H_BP=2,V_ACTIVE=2,V_FP=2,V_SYNC=2,V_BP=2) doesn't have a timescale but at least one module in design has a timescale.
WARNING: [XSIM 43-4099] "E:/desktop/HdmiColorBar/HdmiColorBarDemo.srcs/sources_1/ColorBarPixelGenerator.v" Line 2. Module ColorBarPixelGenerator(H_ACTIVE=8,H_FP=2,H_SYNC=2,H_BP=2,V_ACTIVE=2,V_FP=2,V_SYNC=2,V_BP=2) doesn't have a timescale but at least one module in design has a timescale.
Completed simulation data flow analysis
Time Resolution for simulation is 1ps
Compiling module xil_defaultlib.ColorBarPixelGenerator(H_ACTIVE=...
Compiling module xil_defaultlib.tb_colorbar
Compiling module xil_defaultlib.glbl
Built simulation snapshot tb_colorbar_behav
INFO: [USF-XSim-69] 'elaborate' step finished in '2' seconds
INFO: [USF-XSim-4] XSim::Simulate design
INFO: [USF-XSim-61] Executing 'SIMULATE' step in 'E:/desktop/HdmiColorBar/HdmiColorBarDemo.sim/sim_1/behav/xsim'
INFO: [USF-XSim-98] *** Running xsim
   with args "tb_colorbar_behav -key {Behavioral:sim_1:Functional:tb_colorbar} -tclbatch {tb_colorbar.tcl} -log {simulate.log}"
INFO: [USF-XSim-8] Loading simulator feature
Time resolution is 1 ps
source tb_colorbar.tcl
# set curr_wave [current_wave_config]
# if { [string length $curr_wave] == 0 } {
#   if { [llength [get_objects]] > 0} {
#     add_wave /
#     set_property needs_save false [current_wave_config]
#   } else {
#      send_msg_id Add_Wave-1 WARNING "No top level signals found. Simulator will start without a wave window. If you want to open a wave window go to 'File->New Waveform Configuration' or type 'create_wave_config' in the TCL console."
#   }
# }
# run 1000ns
2000 phase=0 rot_cnt = 0
6000 phase=0 rot_cnt = 0
10000 phase=0 rot_cnt = 0
14000 phase=0 rot_cnt = 0
18000 phase=0 rot_cnt = 0
22000 phase=0 rot_cnt = 0
26000 phase=0 rot_cnt = 0
30000 phase=0 rot_cnt = 0
34000 phase=0 rot_cnt = 0
38000 phase=0 rot_cnt = 0
42000 phase=0 rot_cnt = 0
46000 phase=0 rot_cnt = 0
50000 phase=0 rot_cnt = 0
54000 phase=0 rot_cnt = 0
58000 phase=0 rot_cnt = 0
62000 phase=0 rot_cnt = 0
66000 phase=0 rot_cnt = 0
70000 phase=0 rot_cnt = 0
74000 phase=0 rot_cnt = 0
78000 phase=0 rot_cnt = 0
82000 phase=0 rot_cnt = 0
86000 phase=0 rot_cnt = 0
90000 phase=0 rot_cnt = 0
94000 phase=0 rot_cnt = 0
98000 phase=0 rot_cnt = 0
102000 phase=0 rot_cnt = 0
106000 phase=0 rot_cnt = 0
110000 phase=0 rot_cnt = 0
114000 phase=0 rot_cnt = 0
118000 phase=0 rot_cnt = 0
122000 phase=0 rot_cnt = 0
126000 phase=0 rot_cnt = 0
130000 phase=0 rot_cnt = 0
134000 phase=0 rot_cnt = 0
138000 phase=0 rot_cnt = 0
142000 phase=0 rot_cnt = 0
146000 phase=0 rot_cnt = 0
150000 phase=0 rot_cnt = 0
154000 phase=0 rot_cnt = 0
158000 phase=0 rot_cnt = 0
162000 phase=0 rot_cnt = 0
166000 phase=0 rot_cnt = 0
170000 phase=0 rot_cnt = 0
174000 phase=0 rot_cnt = 0
178000 phase=0 rot_cnt = 0
182000 phase=0 rot_cnt = 0
186000 phase=0 rot_cnt = 0
190000 phase=0 rot_cnt = 0
194000 phase=0 rot_cnt = 0
198000 phase=0 rot_cnt = 0
202000 phase=0 rot_cnt = 0
206000 phase=0 rot_cnt = 0
210000 phase=0 rot_cnt = 0
214000 phase=0 rot_cnt = 0
218000 phase=0 rot_cnt = 0
222000 phase=0 rot_cnt = 0
226000 phase=0 rot_cnt = 0
230000 phase=0 rot_cnt = 0
234000 phase=0 rot_cnt = 0
238000 phase=0 rot_cnt = 0
242000 phase=0 rot_cnt = 0
246000 phase=0 rot_cnt = 0
250000 phase=0 rot_cnt = 0
254000 phase=0 rot_cnt = 0
258000 phase=0 rot_cnt = 0
262000 phase=0 rot_cnt = 0
266000 phase=0 rot_cnt = 0
270000 phase=0 rot_cnt = 0
274000 phase=0 rot_cnt = 0
278000 phase=0 rot_cnt = 0
282000 phase=0 rot_cnt = 0
286000 phase=0 rot_cnt = 0
290000 phase=0 rot_cnt = 0
294000 phase=0 rot_cnt = 0
298000 phase=0 rot_cnt = 0
302000 phase=0 rot_cnt = 0
306000 phase=0 rot_cnt = 0
310000 phase=0 rot_cnt = 0
314000 phase=0 rot_cnt = 0
318000 phase=0 rot_cnt = 0
322000 phase=0 rot_cnt = 0
326000 phase=0 rot_cnt = 0
330000 phase=0 rot_cnt = 0
334000 phase=0 rot_cnt = 0
338000 phase=0 rot_cnt = 0
342000 phase=0 rot_cnt = 0
346000 phase=0 rot_cnt = 0
350000 phase=0 rot_cnt = 0
354000 phase=0 rot_cnt = 0
358000 phase=0 rot_cnt = 0
362000 phase=0 rot_cnt = 0
366000 phase=0 rot_cnt = 0
370000 phase=0 rot_cnt = 0
374000 phase=0 rot_cnt = 0
378000 phase=0 rot_cnt = 0
382000 phase=0 rot_cnt = 0
386000 phase=0 rot_cnt = 0
390000 phase=0 rot_cnt = 0
394000 phase=0 rot_cnt = 0
398000 phase=0 rot_cnt = 0
402000 phase=0 rot_cnt = 0
406000 phase=0 rot_cnt = 0
410000 phase=0 rot_cnt = 0
414000 phase=0 rot_cnt = 0
418000 phase=0 rot_cnt = 0
422000 phase=0 rot_cnt = 0
426000 phase=0 rot_cnt = 0
430000 phase=0 rot_cnt = 0
434000 phase=0 rot_cnt = 0
438000 phase=0 rot_cnt = 0
442000 phase=0 rot_cnt = 0
446000 phase=0 rot_cnt = 0
450000 phase=0 rot_cnt = 0
454000 phase=0 rot_cnt = 0
458000 phase=0 rot_cnt = 0
462000 phase=0 rot_cnt = 0
466000 phase=0 rot_cnt = 0
470000 phase=0 rot_cnt = 0
474000 phase=0 rot_cnt = 0
478000 phase=0 rot_cnt = 0
482000 phase=0 rot_cnt = 0
486000 phase=0 rot_cnt = 0
490000 phase=0 rot_cnt = 0
494000 phase=0 rot_cnt = 0
498000 phase=0 rot_cnt = 0
502000 phase=0 rot_cnt = 0
506000 phase=0 rot_cnt = 0
510000 phase=0 rot_cnt = 0
514000 phase=0 rot_cnt = 0
518000 phase=0 rot_cnt = 0
522000 phase=0 rot_cnt = 0
526000 phase=0 rot_cnt = 0
530000 phase=0 rot_cnt = 0
534000 phase=0 rot_cnt = 0
538000 phase=0 rot_cnt = 0
542000 phase=0 rot_cnt = 0
546000 phase=0 rot_cnt = 0
550000 phase=0 rot_cnt = 0
554000 phase=0 rot_cnt = 0
558000 phase=0 rot_cnt = 0
562000 phase=0 rot_cnt = 0
566000 phase=0 rot_cnt = 0
570000 phase=0 rot_cnt = 0
574000 phase=0 rot_cnt = 0
578000 phase=0 rot_cnt = 0
582000 phase=0 rot_cnt = 0
586000 phase=0 rot_cnt = 0
590000 phase=0 rot_cnt = 0
594000 phase=0 rot_cnt = 1
598000 phase=0 rot_cnt = 1
602000 phase=0 rot_cnt = 1
606000 phase=0 rot_cnt = 1
610000 phase=0 rot_cnt = 1
614000 phase=0 rot_cnt = 1
618000 phase=0 rot_cnt = 1
622000 phase=0 rot_cnt = 1
626000 phase=0 rot_cnt = 1
630000 phase=0 rot_cnt = 1
634000 phase=0 rot_cnt = 1
638000 phase=0 rot_cnt = 1
642000 phase=0 rot_cnt = 1
646000 phase=0 rot_cnt = 1
650000 phase=0 rot_cnt = 1
654000 phase=0 rot_cnt = 1
658000 phase=0 rot_cnt = 1
662000 phase=0 rot_cnt = 1
666000 phase=0 rot_cnt = 1
670000 phase=0 rot_cnt = 1
674000 phase=0 rot_cnt = 1
678000 phase=0 rot_cnt = 1
682000 phase=0 rot_cnt = 1
686000 phase=0 rot_cnt = 1
690000 phase=0 rot_cnt = 1
694000 phase=0 rot_cnt = 1
698000 phase=0 rot_cnt = 1
702000 phase=0 rot_cnt = 1
706000 phase=0 rot_cnt = 1
710000 phase=0 rot_cnt = 1
714000 phase=0 rot_cnt = 1
718000 phase=0 rot_cnt = 1
722000 phase=0 rot_cnt = 1
726000 phase=0 rot_cnt = 1
730000 phase=0 rot_cnt = 1
734000 phase=0 rot_cnt = 1
738000 phase=0 rot_cnt = 1
742000 phase=0 rot_cnt = 1
746000 phase=0 rot_cnt = 1
750000 phase=0 rot_cnt = 1
754000 phase=0 rot_cnt = 1
758000 phase=0 rot_cnt = 1
762000 phase=0 rot_cnt = 1
766000 phase=0 rot_cnt = 1
770000 phase=0 rot_cnt = 1
774000 phase=0 rot_cnt = 1
778000 phase=0 rot_cnt = 1
782000 phase=0 rot_cnt = 1
786000 phase=0 rot_cnt = 1
790000 phase=0 rot_cnt = 1
794000 phase=0 rot_cnt = 1
798000 phase=0 rot_cnt = 1
802000 phase=0 rot_cnt = 1
806000 phase=0 rot_cnt = 1
810000 phase=0 rot_cnt = 1
814000 phase=0 rot_cnt = 1
818000 phase=0 rot_cnt = 1
822000 phase=0 rot_cnt = 1
826000 phase=0 rot_cnt = 1
830000 phase=0 rot_cnt = 1
834000 phase=0 rot_cnt = 1
838000 phase=0 rot_cnt = 1
842000 phase=0 rot_cnt = 1
846000 phase=0 rot_cnt = 1
850000 phase=0 rot_cnt = 1
854000 phase=0 rot_cnt = 1
858000 phase=0 rot_cnt = 1
862000 phase=0 rot_cnt = 1
866000 phase=0 rot_cnt = 1
870000 phase=0 rot_cnt = 1
874000 phase=0 rot_cnt = 1
878000 phase=0 rot_cnt = 1
882000 phase=0 rot_cnt = 1
886000 phase=0 rot_cnt = 1
890000 phase=0 rot_cnt = 1
894000 phase=0 rot_cnt = 1
898000 phase=0 rot_cnt = 1
902000 phase=0 rot_cnt = 1
906000 phase=0 rot_cnt = 1
910000 phase=0 rot_cnt = 1
914000 phase=0 rot_cnt = 1
918000 phase=0 rot_cnt = 1
922000 phase=0 rot_cnt = 1
926000 phase=0 rot_cnt = 1
930000 phase=0 rot_cnt = 1
934000 phase=0 rot_cnt = 1
938000 phase=0 rot_cnt = 1
942000 phase=0 rot_cnt = 1
946000 phase=0 rot_cnt = 1
950000 phase=0 rot_cnt = 1
954000 phase=0 rot_cnt = 1
958000 phase=0 rot_cnt = 1
962000 phase=0 rot_cnt = 1
966000 phase=0 rot_cnt = 1
970000 phase=0 rot_cnt = 1
974000 phase=0 rot_cnt = 1
978000 phase=0 rot_cnt = 1
982000 phase=0 rot_cnt = 1
986000 phase=0 rot_cnt = 1
990000 phase=0 rot_cnt = 1
994000 phase=0 rot_cnt = 1
998000 phase=0 rot_cnt = 1
INFO: [USF-XSim-96] XSim completed. Design snapshot 'tb_colorbar_behav' loaded.
INFO: [USF-XSim-97] XSim simulation ran for 1000ns
reset_run synth_1
WARNING: [Vivado 12-1017] Problems encountered:
1. Failed to delete one or more files in run directory E:/desktop/HdmiColorBar/HdmiColorBarDemo.runs/synth_1

launch_runs synth_1 -jobs 16
[Fri Sep 19 10:27:35 2025] Launched synth_1...
Run output will be captured here: E:/desktop/HdmiColorBar/HdmiColorBarDemo.runs/synth_1/runme.log
launch_runs impl_1 -jobs 16
[Fri Sep 19 10:28:08 2025] Launched impl_1...
Run output will be captured here: E:/desktop/HdmiColorBar/HdmiColorBarDemo.runs/impl_1/runme.log
launch_runs impl_1 -to_step write_bitstream -jobs 16
[Fri Sep 19 10:31:04 2025] Launched impl_1...
Run output will be captured here: E:/desktop/HdmiColorBar/HdmiColorBarDemo.runs/impl_1/runme.log
open_run impl_1
INFO: [Device 21-403] Loading part xc7s15ftgb196-1
Netlist sorting complete. Time (s): cpu = 00:00:00 ; elapsed = 00:00:00.001 . Memory (MB): peak = 1505.035 ; gain = 0.000
INFO: [Netlist 29-17] Analyzing 30 Unisim elements for replacement
INFO: [Netlist 29-28] Unisim Transformation completed in 0 CPU seconds
INFO: [Project 1-479] Netlist was created with Vivado 2024.2
INFO: [Project 1-570] Preparing netlist for logic optimization
Read ShapeDB Complete: Time (s): cpu = 00:00:00 ; elapsed = 00:00:00.002 . Memory (MB): peak = 1592.516 ; gain = 0.066
INFO: [Timing 38-478] Restoring timing data from binary archive.
INFO: [Timing 38-479] Binary timing data restore complete.
INFO: [Project 1-856] Restoring constraints from binary archive.
INFO: [Project 1-853] Binary constraint restore complete.
INFO: [Designutils 20-5722] Start Reading Physical Databases.
Reading placement.
Read Netlist Cache: Time (s): cpu = 00:00:00 ; elapsed = 00:00:00.001 . Memory (MB): peak = 2086.551 ; gain = 0.000
Reading placer database...
Read Device Cache: Time (s): cpu = 00:00:00 ; elapsed = 00:00:00.004 . Memory (MB): peak = 2086.551 ; gain = 0.000
Read PlaceDB: Time (s): cpu = 00:00:00 ; elapsed = 00:00:00.008 . Memory (MB): peak = 2086.551 ; gain = 0.000
Read PulsedLatchDB: Time (s): cpu = 00:00:00 ; elapsed = 00:00:00 . Memory (MB): peak = 2086.551 ; gain = 0.000
Reading routing.
Read RouteStorage: Time (s): cpu = 00:00:00 ; elapsed = 00:00:00.005 . Memory (MB): peak = 2086.551 ; gain = 0.000
Read Physdb Files: Time (s): cpu = 00:00:00 ; elapsed = 00:00:00.024 . Memory (MB): peak = 2086.551 ; gain = 0.000
Restored from archive | CPU: 0.000000 secs | Memory: 0.000000 MB |
Finished XDEF File Restore: Time (s): cpu = 00:00:00 ; elapsed = 00:00:00.024 . Memory (MB): peak = 2086.551 ; gain = 0.000
Netlist sorting complete. Time (s): cpu = 00:00:00 ; elapsed = 00:00:00 . Memory (MB): peak = 2086.551 ; gain = 0.000
INFO: [Project 1-111] Unisim Transformation Summary:
No Unisim elements were transformed.

open_run: Time (s): cpu = 00:00:14 ; elapsed = 00:00:10 . Memory (MB): peak = 2412.750 ; gain = 989.137
WARNING: [Timing 38-313] There are no user specified timing constraints. Timing constraints are needed for proper timing analysis.
open_hw_manager
connect_hw_server -allow_non_jtag
INFO: [Labtools 27-2285] Connecting to hw_server url TCP:localhost:3121
INFO: [Labtools 27-2222] Launching hw_server...
INFO: [Labtools 27-2221] Launch Output:

****** Xilinx hw_server v2024.2
  **** Build date : Oct 29 2024 at 10:25:41
    ** Copyright 1986-2022 Xilinx, Inc. All Rights Reserved.


INFO: [Labtools 27-3415] Connecting to cs_server url TCP:localhost:0
INFO: [Labtools 27-3417] Launching cs_server...
INFO: [Labtools 27-2221] Launch Output:


******** Xilinx cs_server v2024.2.0
  ****** Build date   : Oct 31 2024-02:19:07
    **** Build number : 2024.2.1730312347
      ** Copyright 2017-2022 Xilinx, Inc. All Rights Reserved.
      ** Copyright 2022-2025 Advanced Micro Devices, Inc. All Rights Reserved.



connect_hw_server: Time (s): cpu = 00:00:01 ; elapsed = 00:00:05 . Memory (MB): peak = 2438.109 ; gain = 0.000
open_hw_target
INFO: [Labtoolstcl 44-466] Opening hw_target localhost:3121/xilinx_tcf/Digilent/210512180081
set_property PROGRAM.FILE {E:/desktop/HdmiColorBar/HdmiColorBarDemo.runs/impl_1/HdmiColorBarDemo.bit} [get_hw_devices xc7s15_0]
current_hw_device [get_hw_devices xc7s15_0]
refresh_hw_device -update_hw_probes false [lindex [get_hw_devices xc7s15_0] 0]
INFO: [Labtools 27-1434] Device xc7s15 (JTAG device index = 0) is programmed with a design that has no supported debug core(s) in it.
set_property PROBES.FILE {} [get_hw_devices xc7s15_0]
set_property FULL_PROBES.FILE {} [get_hw_devices xc7s15_0]
set_property PROGRAM.FILE {E:/desktop/HdmiColorBar/HdmiColorBarDemo.runs/impl_1/HdmiColorBarDemo.bit} [get_hw_devices xc7s15_0]
program_hw_devices [get_hw_devices xc7s15_0]
INFO: [Labtools 27-3164] End of startup status: HIGH
refresh_hw_device [lindex [get_hw_devices xc7s15_0] 0]
INFO: [Labtools 27-1434] Device xc7s15 (JTAG device index = 0) is programmed with a design that has no supported debug core(s) in it.
WARNING: [filemgmt 56-199] Attempt to get parsing info during refresh. "On-the-fly" syntax checking information may be incorrect. [E:\desktop\HdmiColorBar\HdmiColorBarDemo.srcs\sources_1\HdmiColorBarDemo.v:]
WARNING: [filemgmt 56-199] Attempt to get parsing info during refresh. "On-the-fly" syntax checking information may be incorrect. [E:\desktop\HdmiColorBar\HdmiColorBarDemo.srcs\sim_1\new\tb_colorbar.v:]
WARNING: [filemgmt 56-199] Attempt to get parsing info during refresh. "On-the-fly" syntax checking information may be incorrect. [E:\desktop\HdmiColorBar\HdmiColorBarDemo.srcs\sources_1\ColorBarPixelGenerator.v:]
WARNING: [filemgmt 56-199] Attempt to get parsing info during refresh. "On-the-fly" syntax checking information may be incorrect. [E:\desktop\HdmiColorBar\HdmiColorBarDemo.srcs\sources_1\ColorBarPixelGenerator.v:]
WARNING: [filemgmt 56-199] Attempt to get parsing info during refresh. "On-the-fly" syntax checking information may be incorrect. [E:\desktop\HdmiColorBar\HdmiColorBarDemo.srcs\sources_1\ColorBarPixelGenerator.v:]
WARNING: [filemgmt 56-199] Attempt to get parsing info during refresh. "On-the-fly" syntax checking information may be incorrect. [E:\desktop\HdmiColorBar\HdmiColorBarDemo.srcs\sources_1\HdmiColorBarDemo.v:]
WARNING: [filemgmt 56-199] Attempt to get parsing info during refresh. "On-the-fly" syntax checking information may be incorrect. [E:\desktop\HdmiColorBar\HdmiColorBarDemo.srcs\sim_1\new\tb_colorbar.v:]
WARNING: [filemgmt 56-199] Attempt to get parsing info during refresh. "On-the-fly" syntax checking information may be incorrect. [E:\desktop\HdmiColorBar\HdmiColorBarDemo.srcs\sources_1\ColorBarPixelGenerator.v:]
WARNING: [filemgmt 56-199] Attempt to get parsing info during refresh. "On-the-fly" syntax checking information may be incorrect. [E:\desktop\HdmiColorBar\HdmiColorBarDemo.srcs\sources_1\HdmiColorBarDemo.v:]
WARNING: [filemgmt 56-199] Attempt to get parsing info during refresh. "On-the-fly" syntax checking information may be incorrect. [E:\desktop\HdmiColorBar\HdmiColorBarDemo.srcs\sources_1\HdmiColorBarDemo.v:]
reset_run synth_1
WARNING: [Vivado 12-1017] Problems encountered:
1. Failed to delete one or more files in run directory E:/desktop/HdmiColorBar/HdmiColorBarDemo.runs/synth_1

launch_runs synth_1 -jobs 16
[Fri Sep 19 10:33:43 2025] Launched synth_1...
Run output will be captured here: E:/desktop/HdmiColorBar/HdmiColorBarDemo.runs/synth_1/runme.log
launch_runs impl_1 -jobs 16
[Fri Sep 19 10:34:20 2025] Launched impl_1...
Run output will be captured here: E:/desktop/HdmiColorBar/HdmiColorBarDemo.runs/impl_1/runme.log
close_hw_manager
launch_runs impl_1 -to_step write_bitstream -jobs 16
[Fri Sep 19 10:35:01 2025] Launched impl_1...
Run output will be captured here: E:/desktop/HdmiColorBar/HdmiColorBarDemo.runs/impl_1/runme.log
open_hw_manager
connect_hw_server -allow_non_jtag
INFO: [Labtools 27-2285] Connecting to hw_server url TCP:localhost:3121
INFO: [Labtools 27-2222] Launching hw_server...
INFO: [Labtools 27-2221] Launch Output:

****** Xilinx hw_server v2024.2
  **** Build date : Oct 29 2024 at 10:25:41
    ** Copyright 1986-2022 Xilinx, Inc. All Rights Reserved.


INFO: [Labtools 27-3415] Connecting to cs_server url TCP:localhost:0
INFO: [Labtools 27-3417] Launching cs_server...
INFO: [Labtools 27-2221] Launch Output:


******** Xilinx cs_server v2024.2.0
  ****** Build date   : Oct 31 2024-02:19:07
    **** Build number : 2024.2.1730312347
      ** Copyright 2017-2022 Xilinx, Inc. All Rights Reserved.
      ** Copyright 2022-2025 Advanced Micro Devices, Inc. All Rights Reserved.



connect_hw_server: Time (s): cpu = 00:00:00 ; elapsed = 00:00:05 . Memory (MB): peak = 2452.211 ; gain = 0.000
open_hw_target
INFO: [Labtoolstcl 44-466] Opening hw_target localhost:3121/xilinx_tcf/Digilent/210512180081
set_property PROGRAM.FILE {E:/desktop/HdmiColorBar/HdmiColorBarDemo.runs/impl_1/HdmiColorBarDemo.bit} [get_hw_devices xc7s15_0]
current_hw_device [get_hw_devices xc7s15_0]
refresh_hw_device -update_hw_probes false [lindex [get_hw_devices xc7s15_0] 0]
INFO: [Labtools 27-1434] Device xc7s15 (JTAG device index = 0) is programmed with a design that has no supported debug core(s) in it.
set_property PROBES.FILE {} [get_hw_devices xc7s15_0]
set_property FULL_PROBES.FILE {} [get_hw_devices xc7s15_0]
set_property PROGRAM.FILE {E:/desktop/HdmiColorBar/HdmiColorBarDemo.runs/impl_1/HdmiColorBarDemo.bit} [get_hw_devices xc7s15_0]
program_hw_devices [get_hw_devices xc7s15_0]
INFO: [Labtools 27-3164] End of startup status: HIGH
refresh_hw_device [lindex [get_hw_devices xc7s15_0] 0]
INFO: [Labtools 27-1434] Device xc7s15 (JTAG device index = 0) is programmed with a design that has no supported debug core(s) in it.
close_hw_manager
reset_run synth_1
WARNING: [Vivado 12-1017] Problems encountered:
1. Failed to delete one or more files in run directory E:/desktop/HdmiColorBar/HdmiColorBarDemo.runs/synth_1

launch_runs synth_1 -jobs 16
[Fri Sep 19 10:39:24 2025] Launched synth_1...
Run output will be captured here: E:/desktop/HdmiColorBar/HdmiColorBarDemo.runs/synth_1/runme.log
launch_runs impl_1 -jobs 16
[Fri Sep 19 10:39:57 2025] Launched impl_1...
Run output will be captured here: E:/desktop/HdmiColorBar/HdmiColorBarDemo.runs/impl_1/runme.log
launch_runs impl_1 -to_step write_bitstream -jobs 16
[Fri Sep 19 10:40:34 2025] Launched impl_1...
Run output will be captured here: E:/desktop/HdmiColorBar/HdmiColorBarDemo.runs/impl_1/runme.log
open_hw_manager
connect_hw_server -allow_non_jtag
INFO: [Labtools 27-2285] Connecting to hw_server url TCP:localhost:3121
INFO: [Labtools 27-2222] Launching hw_server...
INFO: [Labtools 27-2221] Launch Output:

****** Xilinx hw_server v2024.2
  **** Build date : Oct 29 2024 at 10:25:41
    ** Copyright 1986-2022 Xilinx, Inc. All Rights Reserved.


INFO: [Labtools 27-3415] Connecting to cs_server url TCP:localhost:0
INFO: [Labtools 27-3417] Launching cs_server...
INFO: [Labtools 27-2221] Launch Output:


******** Xilinx cs_server v2024.2.0
  ****** Build date   : Oct 31 2024-02:19:07
    **** Build number : 2024.2.1730312347
      ** Copyright 2017-2022 Xilinx, Inc. All Rights Reserved.
      ** Copyright 2022-2025 Advanced Micro Devices, Inc. All Rights Reserved.



connect_hw_server: Time (s): cpu = 00:00:01 ; elapsed = 00:00:05 . Memory (MB): peak = 2454.051 ; gain = 0.000
open_hw_target
INFO: [Labtoolstcl 44-466] Opening hw_target localhost:3121/xilinx_tcf/Digilent/210512180081
set_property PROGRAM.FILE {E:/desktop/HdmiColorBar/HdmiColorBarDemo.runs/impl_1/HdmiColorBarDemo.bit} [get_hw_devices xc7s15_0]
current_hw_device [get_hw_devices xc7s15_0]
refresh_hw_device -update_hw_probes false [lindex [get_hw_devices xc7s15_0] 0]
INFO: [Labtools 27-1434] Device xc7s15 (JTAG device index = 0) is programmed with a design that has no supported debug core(s) in it.
set_property PROBES.FILE {} [get_hw_devices xc7s15_0]
set_property FULL_PROBES.FILE {} [get_hw_devices xc7s15_0]
set_property PROGRAM.FILE {E:/desktop/HdmiColorBar/HdmiColorBarDemo.runs/impl_1/HdmiColorBarDemo.bit} [get_hw_devices xc7s15_0]
program_hw_devices [get_hw_devices xc7s15_0]
INFO: [Labtools 27-3164] End of startup status: HIGH
refresh_hw_device [lindex [get_hw_devices xc7s15_0] 0]
INFO: [Labtools 27-1434] Device xc7s15 (JTAG device index = 0) is programmed with a design that has no supported debug core(s) in it.
reset_run synth_1
WARNING: [Vivado 12-1017] Problems encountered:
1. Failed to delete one or more files in run directory E:/desktop/HdmiColorBar/HdmiColorBarDemo.runs/synth_1

launch_runs synth_1 -jobs 16
[Fri Sep 19 10:50:28 2025] Launched synth_1...
Run output will be captured here: E:/desktop/HdmiColorBar/HdmiColorBarDemo.runs/synth_1/runme.log
launch_runs impl_1 -jobs 16
[Fri Sep 19 10:51:01 2025] Launched impl_1...
Run output will be captured here: E:/desktop/HdmiColorBar/HdmiColorBarDemo.runs/impl_1/runme.log
reset_run impl_1
reset_run synth_1
WARNING: [Vivado 12-1017] Problems encountered:
1. Failed to delete one or more files in run directory E:/desktop/HdmiColorBar/HdmiColorBarDemo.runs/synth_1

launch_runs synth_1 -jobs 16
[Fri Sep 19 10:51:51 2025] Launched synth_1...
Run output will be captured here: E:/desktop/HdmiColorBar/HdmiColorBarDemo.runs/synth_1/runme.log
launch_runs impl_1 -jobs 16
[Fri Sep 19 10:52:24 2025] Launched impl_1...
Run output will be captured here: E:/desktop/HdmiColorBar/HdmiColorBarDemo.runs/impl_1/runme.log
launch_runs impl_1 -to_step write_bitstream -jobs 16
[Fri Sep 19 10:53:06 2025] Launched impl_1...
Run output will be captured here: E:/desktop/HdmiColorBar/HdmiColorBarDemo.runs/impl_1/runme.log
set_property PROBES.FILE {} [get_hw_devices xc7s15_0]
set_property FULL_PROBES.FILE {} [get_hw_devices xc7s15_0]
set_property PROGRAM.FILE {E:/desktop/HdmiColorBar/HdmiColorBarDemo.runs/impl_1/HdmiColorBarDemo.bit} [get_hw_devices xc7s15_0]
program_hw_devices [get_hw_devices xc7s15_0]
INFO: [Labtools 27-3164] End of startup status: HIGH
refresh_hw_device [lindex [get_hw_devices xc7s15_0] 0]
INFO: [Labtools 27-1434] Device xc7s15 (JTAG device index = 0) is programmed with a design that has no supported debug core(s) in it.
reset_run synth_1
WARNING: [Vivado 12-1017] Problems encountered:
1. Failed to delete one or more files in run directory E:/desktop/HdmiColorBar/HdmiColorBarDemo.runs/synth_1

launch_runs synth_1 -jobs 16
[Fri Sep 19 10:55:34 2025] Launched synth_1...
Run output will be captured here: E:/desktop/HdmiColorBar/HdmiColorBarDemo.runs/synth_1/runme.log
launch_runs impl_1 -jobs 16
[Fri Sep 19 10:56:02 2025] Launched impl_1...
Run output will be captured here: E:/desktop/HdmiColorBar/HdmiColorBarDemo.runs/impl_1/runme.log
launch_runs impl_1 -to_step write_bitstream -jobs 16
[Fri Sep 19 10:56:55 2025] Launched impl_1...
Run output will be captured here: E:/desktop/HdmiColorBar/HdmiColorBarDemo.runs/impl_1/runme.log
set_property PROBES.FILE {} [get_hw_devices xc7s15_0]
set_property FULL_PROBES.FILE {} [get_hw_devices xc7s15_0]
set_property PROGRAM.FILE {E:/desktop/HdmiColorBar/HdmiColorBarDemo.runs/impl_1/HdmiColorBarDemo.bit} [get_hw_devices xc7s15_0]
program_hw_devices [get_hw_devices xc7s15_0]
INFO: [Labtools 27-3164] End of startup status: HIGH
refresh_hw_device [lindex [get_hw_devices xc7s15_0] 0]
INFO: [Labtools 27-1434] Device xc7s15 (JTAG device index = 0) is programmed with a design that has no supported debug core(s) in it.
reset_run synth_1
WARNING: [Vivado 12-1017] Problems encountered:
1. Failed to delete one or more files in run directory E:/desktop/HdmiColorBar/HdmiColorBarDemo.runs/synth_1

launch_runs synth_1 -jobs 16
[Fri Sep 19 11:04:01 2025] Launched synth_1...
Run output will be captured here: E:/desktop/HdmiColorBar/HdmiColorBarDemo.runs/synth_1/runme.log
launch_runs impl_1 -jobs 16
[Fri Sep 19 11:05:12 2025] Launched impl_1...
Run output will be captured here: E:/desktop/HdmiColorBar/HdmiColorBarDemo.runs/impl_1/runme.log
launch_runs impl_1 -to_step write_bitstream -jobs 16
[Fri Sep 19 11:05:47 2025] Launched impl_1...
Run output will be captured here: E:/desktop/HdmiColorBar/HdmiColorBarDemo.runs/impl_1/runme.log
set_property PROBES.FILE {} [get_hw_devices xc7s15_0]
set_property FULL_PROBES.FILE {} [get_hw_devices xc7s15_0]
set_property PROGRAM.FILE {E:/desktop/HdmiColorBar/HdmiColorBarDemo.runs/impl_1/HdmiColorBarDemo.bit} [get_hw_devices xc7s15_0]
program_hw_devices [get_hw_devices xc7s15_0]
INFO: [Labtools 27-3164] End of startup status: HIGH
refresh_hw_device [lindex [get_hw_devices xc7s15_0] 0]
INFO: [Labtools 27-1434] Device xc7s15 (JTAG device index = 0) is programmed with a design that has no supported debug core(s) in it.
set_property PROBES.FILE {} [get_hw_devices xc7s15_0]
set_property FULL_PROBES.FILE {} [get_hw_devices xc7s15_0]
set_property PROGRAM.FILE {E:/desktop/HdmiColorBar/HdmiColorBarDemo.runs/impl_1/HdmiColorBarDemo.bit} [get_hw_devices xc7s15_0]
program_hw_devices [get_hw_devices xc7s15_0]
INFO: [Labtools 27-3164] End of startup status: HIGH
refresh_hw_device [lindex [get_hw_devices xc7s15_0] 0]
INFO: [Labtools 27-1434] Device xc7s15 (JTAG device index = 0) is programmed with a design that has no supported debug core(s) in it.
close_hw_manager
close_sim
INFO: [Simtcl 6-16] Simulation closed
exit
INFO: [Common 17-206] Exiting Vivado at Fri Sep 19 11:06:53 2025...
