#-----------------------------------------------------------
# Vivado v2024.2 (64-bit)
# SW Build 5239630 on Fri Nov 08 22:35:27 MST 2024
# IP Build 5239520 on Sun Nov 10 16:12:51 MST 2024
# SharedData Build 5239561 on Fri Nov 08 14:39:27 MST 2024
# Start of session at: Fri Sep 12 15:28:22 2025
# Process ID         : 24356
# Current directory  : E:/desktop/HdmiColorBar
# Command line       : vivado.exe -gui_launcher_event rodinguilauncherevent15032 E:\desktop\HdmiColorBar\HdmiColorBarDemo.xpr
# Log file           : E:/desktop/HdmiColorBar/vivado.log
# Journal file       : E:/desktop/HdmiColorBar\vivado.jou
# Running On         : LAPTOP-UISPT8T4
# Platform           : Windows Server 2016 or Windows 10
# Operating System   : 26100
# Processor Detail   : Intel(R) Core(TM) i9-14900HX
# CPU Frequency      : 2419 MHz
# CPU Physical cores : 8
# CPU Logical cores  : 16
# Host memory        : 16779 MB
# Swap memory        : 14495 MB
# Total Virtual      : 31275 MB
# Available Virtual  : 15396 MB
#-----------------------------------------------------------
start_gui
open_project E:/desktop/HdmiColorBar/HdmiColorBarDemo.xpr
INFO: [filemgmt 56-3] Default IP Output Path : Could not find the directory 'E:/desktop/HdmiColorBar/HdmiColorBarDemo.gen/sources_1'.
Scanning sources...
Finished scanning sources
INFO: [IP_Flow 19-234] Refreshing IP repositories
INFO: [IP_Flow 19-1704] No user IP repositories specified
INFO: [IP_Flow 19-2313] Loaded Vivado IP repository 'C:/vivado/Vivado/2024.2/data/ip'.
update_compile_order -fileset sources_1
synth_design -top HdmiColorBarDemo -part xc7s15ftgb196-1 -lint 
Command: synth_design -top HdmiColorBarDemo -part xc7s15ftgb196-1 -lint
Starting synth_design
Attempting to get a license for feature 'Synthesis' and/or device 'xc7s15'
INFO: [Common 17-349] Got license for feature 'Synthesis' and/or device 'xc7s15'
INFO: [Synth 8-7079] Multithreading enabled for synth_design using a maximum of 2 processes.
INFO: [Synth 8-7078] Launching helper process for spawning children vivado processes
INFO: [Synth 8-7075] Helper process launched with PID 30320
---------------------------------------------------------------------------------
Starting Synthesize : Time (s): cpu = 00:00:03 ; elapsed = 00:00:03 . Memory (MB): peak = 1733.902 ; gain = 448.148
---------------------------------------------------------------------------------
Clean up Linter database...
INFO: [Synth 8-6157] synthesizing module 'HdmiColorBarDemo' [E:/desktop/HdmiColorBar/HdmiColorBarDemo.srcs/sources_1/HdmiColorBarDemo.v:1]
INFO: [Synth 8-6157] synthesizing module 'ColorBarPixelGenerator' [E:/desktop/HdmiColorBar/HdmiColorBarDemo.srcs/sources_1/ColorBarPixelGenerator.v:2]
INFO: [Synth 8-6155] done synthesizing module 'ColorBarPixelGenerator' (1#1) [E:/desktop/HdmiColorBar/HdmiColorBarDemo.srcs/sources_1/ColorBarPixelGenerator.v:2]
INFO: [Synth 8-6157] synthesizing module 'VideoClockSynthesizer' [E:/desktop/HdmiColorBar/HdmiColorBarDemo.srcs/sources_1/VideoClockSynthesizer.v:65]
INFO: [Synth 8-6157] synthesizing module 'IBUF' [C:/vivado/Vivado/2024.2/scripts/rt/data/unisim_comp.v:75825]
INFO: [Synth 8-6155] done synthesizing module 'IBUF' (2#1) [C:/vivado/Vivado/2024.2/scripts/rt/data/unisim_comp.v:75825]
INFO: [Synth 8-6157] synthesizing module 'MMCME2_ADV' [C:/vivado/Vivado/2024.2/scripts/rt/data/unisim_comp.v:84588]
	Parameter BANDWIDTH bound to: OPTIMIZED - type: string 
	Parameter CLKFBOUT_MULT_F bound to: 37.125000 - type: double 
	Parameter CLKFBOUT_PHASE bound to: 0.000000 - type: double 
	Parameter CLKFBOUT_USE_FINE_PS bound to: FALSE - type: string 
	Parameter CLKIN1_PERIOD bound to: 10.000000 - type: double 
	Parameter CLKOUT0_DIVIDE_F bound to: 10.000000 - type: double 
	Parameter CLKOUT0_DUTY_CYCLE bound to: 0.500000 - type: double 
	Parameter CLKOUT0_PHASE bound to: 0.000000 - type: double 
	Parameter CLKOUT0_USE_FINE_PS bound to: FALSE - type: string 
	Parameter CLKOUT1_DIVIDE bound to: 2 - type: integer 
	Parameter CLKOUT1_DUTY_CYCLE bound to: 0.500000 - type: double 
	Parameter CLKOUT1_PHASE bound to: 0.000000 - type: double 
	Parameter CLKOUT1_USE_FINE_PS bound to: FALSE - type: string 
	Parameter CLKOUT4_CASCADE bound to: FALSE - type: string 
	Parameter COMPENSATION bound to: ZHOLD - type: string 
	Parameter DIVCLK_DIVIDE bound to: 5 - type: integer 
	Parameter STARTUP_WAIT bound to: FALSE - type: string 
INFO: [Synth 8-6155] done synthesizing module 'MMCME2_ADV' (3#1) [C:/vivado/Vivado/2024.2/scripts/rt/data/unisim_comp.v:84588]
INFO: [Synth 8-6157] synthesizing module 'BUFG' [C:/vivado/Vivado/2024.2/scripts/rt/data/unisim_comp.v:2676]
INFO: [Synth 8-6155] done synthesizing module 'BUFG' (4#1) [C:/vivado/Vivado/2024.2/scripts/rt/data/unisim_comp.v:2676]
INFO: [Synth 8-6155] done synthesizing module 'VideoClockSynthesizer' (5#1) [E:/desktop/HdmiColorBar/HdmiColorBarDemo.srcs/sources_1/VideoClockSynthesizer.v:65]
WARNING: [Synth 8-7071] port 'locked' of module 'VideoClockSynthesizer' is unconnected for instance 'video_clock' [E:/desktop/HdmiColorBar/HdmiColorBarDemo.srcs/sources_1/HdmiColorBarDemo.v:30]
WARNING: [Synth 8-7023] instance 'video_clock' of module 'VideoClockSynthesizer' has 5 connections declared, but only 4 given [E:/desktop/HdmiColorBar/HdmiColorBarDemo.srcs/sources_1/HdmiColorBarDemo.v:30]
INFO: [Synth 8-638] synthesizing module 'InterfaceLogicConverter' [E:/desktop/HdmiColorBar/HdmiColorBarDemo.srcs/sources_1/InterfaceLogicConverter.vhd:44]
INFO: [Synth 8-638] synthesizing module 'ResetBridge' [E:/desktop/HdmiColorBar/HdmiColorBarDemo.srcs/sources_1/ResetBridge.vhd:22]
	Parameter kPolarity bound to: 1'b1 
INFO: [Synth 8-638] synthesizing module 'SyncAsync' [E:/desktop/HdmiColorBar/HdmiColorBarDemo.srcs/sources_1/SyncAsync.vhd:24]
	Parameter kResetTo bound to: 1'b1 
	Parameter kStages bound to: 2 - type: integer 
INFO: [Synth 8-256] done synthesizing module 'SyncAsync' (6#1) [E:/desktop/HdmiColorBar/HdmiColorBarDemo.srcs/sources_1/SyncAsync.vhd:24]
INFO: [Synth 8-256] done synthesizing module 'ResetBridge' (7#1) [E:/desktop/HdmiColorBar/HdmiColorBarDemo.srcs/sources_1/ResetBridge.vhd:22]
INFO: [Synth 8-638] synthesizing module 'OutputSERDES' [E:/desktop/HdmiColorBar/HdmiColorBarDemo.srcs/sources_1/OutputSERDES.vhd:30]
	Parameter kParallelWidth bound to: 10 - type: integer 
	Parameter IOSTANDARD bound to: TMDS_33 - type: string 
INFO: [Synth 8-113] binding component instance 'OutputBuffer' to cell 'OBUFDS' [E:/desktop/HdmiColorBar/HdmiColorBarDemo.srcs/sources_1/OutputSERDES.vhd:37]
	Parameter DATA_RATE_OQ bound to: DDR - type: string 
	Parameter DATA_RATE_TQ bound to: SDR - type: string 
	Parameter DATA_WIDTH bound to: 10 - type: integer 
	Parameter SERDES_MODE bound to: MASTER - type: string 
	Parameter TBYTE_CTL bound to: FALSE - type: string 
	Parameter TBYTE_SRC bound to: FALSE - type: string 
	Parameter TRISTATE_WIDTH bound to: 1 - type: integer 
INFO: [Synth 8-113] binding component instance 'SerializerMaster' to cell 'OSERDESE2' [E:/desktop/HdmiColorBar/HdmiColorBarDemo.srcs/sources_1/OutputSERDES.vhd:46]
	Parameter DATA_RATE_OQ bound to: DDR - type: string 
	Parameter DATA_RATE_TQ bound to: SDR - type: string 
	Parameter DATA_WIDTH bound to: 10 - type: integer 
	Parameter SERDES_MODE bound to: SLAVE - type: string 
	Parameter TBYTE_CTL bound to: FALSE - type: string 
	Parameter TBYTE_SRC bound to: FALSE - type: string 
	Parameter TRISTATE_WIDTH bound to: 1 - type: integer 
INFO: [Synth 8-113] binding component instance 'SerializerSlave' to cell 'OSERDESE2' [E:/desktop/HdmiColorBar/HdmiColorBarDemo.srcs/sources_1/OutputSERDES.vhd:89]
INFO: [Synth 8-256] done synthesizing module 'OutputSERDES' (8#1) [E:/desktop/HdmiColorBar/HdmiColorBarDemo.srcs/sources_1/OutputSERDES.vhd:30]
INFO: [Synth 8-638] synthesizing module 'TMDS_Encoder' [E:/desktop/HdmiColorBar/HdmiColorBarDemo.srcs/sources_1/TMDS_Encoder.vhd:32]
INFO: [Synth 8-256] done synthesizing module 'TMDS_Encoder' (9#1) [E:/desktop/HdmiColorBar/HdmiColorBarDemo.srcs/sources_1/TMDS_Encoder.vhd:32]
INFO: [Synth 8-256] done synthesizing module 'InterfaceLogicConverter' (10#1) [E:/desktop/HdmiColorBar/HdmiColorBarDemo.srcs/sources_1/InterfaceLogicConverter.vhd:44]
INFO: [Synth 8-6155] done synthesizing module 'HdmiColorBarDemo' (11#1) [E:/desktop/HdmiColorBar/HdmiColorBarDemo.srcs/sources_1/HdmiColorBarDemo.v:1]
---------------------------------------------------------------------------------
Finished Synthesize : Time (s): cpu = 00:00:04 ; elapsed = 00:00:04 . Memory (MB): peak = 1842.941 ; gain = 557.188
---------------------------------------------------------------------------------
Copyright 1986-2022 Xilinx, Inc. All Rights Reserved. Copyright 2022-2024 Advanced Micro Devices, Inc. All Rights Reserved.
---------------------------------------------------------------------------------------------------------------------------------------------
| Tool Version : Vivado v.2024.2 (win64) Build 5239630 Fri Nov 08 22:35:27 MST 2024
| Date         : Fri Sep 12 15:52:34 2025
| Host         : LAPTOP-UISPT8T4 running 64-bit major release  (build 9200)
---------------------------------------------------------------------------------------------------------------------------------------------

RTL Linter Report

Table of Contents
-----------------
1. Summary

1. Summary
----------

+-----------+----------+--------------+----------+
| Rule ID   | Severity | # Violations | # Waived |
+-----------+----------+--------------+----------+
| ASSIGN-5  | WARNING  | 9            | 0        |
| ASSIGN-6  | WARNING  | 15           | 0        |
| ASSIGN-10 | WARNING  | 3            | 0        |
+-----------+----------+--------------+----------+


WARNING: [Synth 37-124] [ASSIGN-5]Some bits in 'active_y' are not set. First unset bit index is 0. 
RTL Name 'active_y', Hierarchy 'ColorBarPixelGenerator', File 'ColorBarPixelGenerator.v', Line 143.
WARNING: [Synth 37-95] [ASSIGN-5]Found scalar variable(s) 'aPixelClkLckd' declared and are not set.
RTL Name 'aPixelClkLckd', Hierarchy 'InterfaceLogicConverter', File 'E:/desktop/HdmiColorBar/HdmiColorBarDemo.srcs/sources_1/InterfaceLogicConverter.vhd', Line 51.
WARNING: [Synth 37-125] [ASSIGN-10]Some bits in IO 'aRst' are not read. First unread bit index is 0. 
RTL Name 'aRst', Hierarchy 'InterfaceLogicConverter', File 'InterfaceLogicConverter.vhd', Line 31.
WARNING: [Synth 37-124] [ASSIGN-5]Some bits in 'pDataOut_q' are not set. First unset bit index is 0. 
RTL Name 'pDataOut_q', Hierarchy 'OutputSERDES', File 'OutputSERDES.vhd', Line 33.
WARNING: [Synth 37-125] [ASSIGN-10]Some bits in IO 'SerialClk' are not read. First unread bit index is 0. 
RTL Name 'SerialClk', Hierarchy 'TMDS_Encoder', File 'TMDS_Encoder.vhd', Line 18.
WARNING: [Synth 37-125] [ASSIGN-10]Some bits in IO 'aRst' are not read. First unread bit index is 0. 
RTL Name 'aRst', Hierarchy 'TMDS_Encoder', File 'TMDS_Encoder.vhd', Line 19.
WARNING: [Synth 37-95] [ASSIGN-5]Found scalar variable(s) 'clk_in2_video_clock' declared and are not set.
RTL Name 'clk_in2_video_clock', Hierarchy 'VideoClockSynthesizer', File 'E:/desktop/HdmiColorBar/HdmiColorBarDemo.srcs/sources_1/VideoClockSynthesizer.v', Line 79.
WARNING: [Synth 37-95] [ASSIGN-5]Found scalar variable(s) 'clk_out3_video_clock' declared and are not set.
RTL Name 'clk_out3_video_clock', Hierarchy 'VideoClockSynthesizer', File 'E:/desktop/HdmiColorBar/HdmiColorBarDemo.srcs/sources_1/VideoClockSynthesizer.v', Line 93.
WARNING: [Synth 37-95] [ASSIGN-5]Found scalar variable(s) 'clk_out4_video_clock' declared and are not set.
RTL Name 'clk_out4_video_clock', Hierarchy 'VideoClockSynthesizer', File 'E:/desktop/HdmiColorBar/HdmiColorBarDemo.srcs/sources_1/VideoClockSynthesizer.v', Line 94.
WARNING: [Synth 37-95] [ASSIGN-5]Found scalar variable(s) 'clk_out5_video_clock' declared and are not set.
RTL Name 'clk_out5_video_clock', Hierarchy 'VideoClockSynthesizer', File 'E:/desktop/HdmiColorBar/HdmiColorBarDemo.srcs/sources_1/VideoClockSynthesizer.v', Line 95.
WARNING: [Synth 37-95] [ASSIGN-5]Found scalar variable(s) 'clk_out6_video_clock' declared and are not set.
RTL Name 'clk_out6_video_clock', Hierarchy 'VideoClockSynthesizer', File 'E:/desktop/HdmiColorBar/HdmiColorBarDemo.srcs/sources_1/VideoClockSynthesizer.v', Line 96.
WARNING: [Synth 37-95] [ASSIGN-5]Found scalar variable(s) 'clk_out7_video_clock' declared and are not set.
RTL Name 'clk_out7_video_clock', Hierarchy 'VideoClockSynthesizer', File 'E:/desktop/HdmiColorBar/HdmiColorBarDemo.srcs/sources_1/VideoClockSynthesizer.v', Line 97.
WARNING: [Synth 37-93] [ASSIGN-6]Signal 'clkfboutb_unused' was assigned but not read. 
RTL Name 'clkfboutb_unused', Hierarchy 'VideoClockSynthesizer', File 'E:/desktop/HdmiColorBar/HdmiColorBarDemo.srcs/sources_1/VideoClockSynthesizer.v', Line 105.
WARNING: [Synth 37-93] [ASSIGN-6]Signal 'clkfbstopped_unused' was assigned but not read. 
RTL Name 'clkfbstopped_unused', Hierarchy 'VideoClockSynthesizer', File 'E:/desktop/HdmiColorBar/HdmiColorBarDemo.srcs/sources_1/VideoClockSynthesizer.v', Line 115.
WARNING: [Synth 37-93] [ASSIGN-6]Signal 'clkinstopped_unused' was assigned but not read. 
RTL Name 'clkinstopped_unused', Hierarchy 'VideoClockSynthesizer', File 'E:/desktop/HdmiColorBar/HdmiColorBarDemo.srcs/sources_1/VideoClockSynthesizer.v', Line 116.
WARNING: [Synth 37-93] [ASSIGN-6]Signal 'clkout0b_unused' was assigned but not read. 
RTL Name 'clkout0b_unused', Hierarchy 'VideoClockSynthesizer', File 'E:/desktop/HdmiColorBar/HdmiColorBarDemo.srcs/sources_1/VideoClockSynthesizer.v', Line 106.
WARNING: [Synth 37-93] [ASSIGN-6]Signal 'clkout1b_unused' was assigned but not read. 
RTL Name 'clkout1b_unused', Hierarchy 'VideoClockSynthesizer', File 'E:/desktop/HdmiColorBar/HdmiColorBarDemo.srcs/sources_1/VideoClockSynthesizer.v', Line 107.
WARNING: [Synth 37-93] [ASSIGN-6]Signal 'clkout2_unused' was assigned but not read. 
RTL Name 'clkout2_unused', Hierarchy 'VideoClockSynthesizer', File 'E:/desktop/HdmiColorBar/HdmiColorBarDemo.srcs/sources_1/VideoClockSynthesizer.v', Line 108.
WARNING: [Synth 37-93] [ASSIGN-6]Signal 'clkout2b_unused' was assigned but not read. 
RTL Name 'clkout2b_unused', Hierarchy 'VideoClockSynthesizer', File 'E:/desktop/HdmiColorBar/HdmiColorBarDemo.srcs/sources_1/VideoClockSynthesizer.v', Line 109.
WARNING: [Synth 37-93] [ASSIGN-6]Signal 'clkout3_unused' was assigned but not read. 
RTL Name 'clkout3_unused', Hierarchy 'VideoClockSynthesizer', File 'E:/desktop/HdmiColorBar/HdmiColorBarDemo.srcs/sources_1/VideoClockSynthesizer.v', Line 110.
WARNING: [Synth 37-93] [ASSIGN-6]Signal 'clkout3b_unused' was assigned but not read. 
RTL Name 'clkout3b_unused', Hierarchy 'VideoClockSynthesizer', File 'E:/desktop/HdmiColorBar/HdmiColorBarDemo.srcs/sources_1/VideoClockSynthesizer.v', Line 111.
WARNING: [Synth 37-93] [ASSIGN-6]Signal 'clkout4_unused' was assigned but not read. 
RTL Name 'clkout4_unused', Hierarchy 'VideoClockSynthesizer', File 'E:/desktop/HdmiColorBar/HdmiColorBarDemo.srcs/sources_1/VideoClockSynthesizer.v', Line 112.
WARNING: [Synth 37-93] [ASSIGN-6]Signal 'clkout5_unused' was assigned but not read. 
RTL Name 'clkout5_unused', Hierarchy 'VideoClockSynthesizer', File 'E:/desktop/HdmiColorBar/HdmiColorBarDemo.srcs/sources_1/VideoClockSynthesizer.v', Line 113.
WARNING: [Synth 37-93] [ASSIGN-6]Signal 'clkout6_unused' was assigned but not read. 
RTL Name 'clkout6_unused', Hierarchy 'VideoClockSynthesizer', File 'E:/desktop/HdmiColorBar/HdmiColorBarDemo.srcs/sources_1/VideoClockSynthesizer.v', Line 114.
WARNING: [Synth 37-93] [ASSIGN-6]Signal 'do_unused' was assigned but not read. 
RTL Name 'do_unused', Hierarchy 'VideoClockSynthesizer', File 'E:/desktop/HdmiColorBar/HdmiColorBarDemo.srcs/sources_1/VideoClockSynthesizer.v', Line 99.
WARNING: [Synth 37-93] [ASSIGN-6]Signal 'drdy_unused' was assigned but not read. 
RTL Name 'drdy_unused', Hierarchy 'VideoClockSynthesizer', File 'E:/desktop/HdmiColorBar/HdmiColorBarDemo.srcs/sources_1/VideoClockSynthesizer.v', Line 100.
WARNING: [Synth 37-93] [ASSIGN-6]Signal 'psdone_unused' was assigned but not read. 
RTL Name 'psdone_unused', Hierarchy 'VideoClockSynthesizer', File 'E:/desktop/HdmiColorBar/HdmiColorBarDemo.srcs/sources_1/VideoClockSynthesizer.v', Line 101.
INFO: [Synth 37-85] Total of 27 linter message(s) generated.
INFO: [Synth 37-45] Linter Run Finished!
Synthesis Optimization Runtime : Time (s): cpu = 00:00:04 ; elapsed = 00:00:04 . Memory (MB): peak = 1842.941 ; gain = 557.188
INFO: [Common 17-83] Releasing license: Synthesis
32 Infos, 29 Warnings, 0 Critical Warnings and 0 Errors encountered.
synth_design completed successfully
WARNING: [filemgmt 56-199] Attempt to get parsing info during refresh. "On-the-fly" syntax checking information may be incorrect. [E:\desktop\HdmiColorBar\HdmiColorBarDemo.srcs\sources_1\HdmiColorBarDemo.v:]
WARNING: [filemgmt 56-199] Attempt to get parsing info during refresh. "On-the-fly" syntax checking information may be incorrect. [E:\desktop\HdmiColorBar\HdmiColorBarDemo.srcs\sources_1\ColorBarPixelGenerator.v:]
WARNING: [filemgmt 56-199] Attempt to get parsing info during refresh. "On-the-fly" syntax checking information may be incorrect. [E:\desktop\HdmiColorBar\HdmiColorBarDemo.srcs\sources_1\ColorBarPixelGenerator.v:]
WARNING: [filemgmt 56-199] Attempt to get parsing info during refresh. "On-the-fly" syntax checking information may be incorrect. [E:\desktop\HdmiColorBar\HdmiColorBarDemo.srcs\sources_1\ColorBarPixelGenerator.v:]
ERROR: [Common 17-180] Spawn failed: No error
synth_design -rtl -rtl_skip_mlo -name rtl_1
Command: synth_design -rtl -rtl_skip_mlo -name rtl_1
Starting synth_design
Using part: xc7s15ftgb196-1
Top: HdmiColorBarDemo
INFO: [Device 21-403] Loading part xc7s15ftgb196-1
INFO: [Synth 8-7079] Multithreading enabled for synth_design using a maximum of 2 processes.
---------------------------------------------------------------------------------
Starting RTL Elaboration : Time (s): cpu = 00:00:03 ; elapsed = 00:00:03 . Memory (MB): peak = 1897.449 ; gain = 44.031
---------------------------------------------------------------------------------
INFO: [Synth 8-6157] synthesizing module 'HdmiColorBarDemo' [E:/desktop/HdmiColorBar/HdmiColorBarDemo.srcs/sources_1/HdmiColorBarDemo.v:1]
INFO: [Synth 8-6157] synthesizing module 'ColorBarPixelGenerator' [E:/desktop/HdmiColorBar/HdmiColorBarDemo.srcs/sources_1/ColorBarPixelGenerator.v:2]
INFO: [Synth 8-226] default block is never used [E:/desktop/HdmiColorBar/HdmiColorBarDemo.srcs/sources_1/ColorBarPixelGenerator.v:295]
INFO: [Synth 8-6155] done synthesizing module 'ColorBarPixelGenerator' (0#1) [E:/desktop/HdmiColorBar/HdmiColorBarDemo.srcs/sources_1/ColorBarPixelGenerator.v:2]
INFO: [Synth 8-6157] synthesizing module 'VideoClockSynthesizer' [E:/desktop/HdmiColorBar/HdmiColorBarDemo.srcs/sources_1/VideoClockSynthesizer.v:65]
INFO: [Synth 8-6157] synthesizing module 'IBUF' [C:/vivado/Vivado/2024.2/scripts/rt/data/unisim_comp.v:75825]
INFO: [Synth 8-6155] done synthesizing module 'IBUF' (0#1) [C:/vivado/Vivado/2024.2/scripts/rt/data/unisim_comp.v:75825]
INFO: [Synth 8-6157] synthesizing module 'MMCME2_ADV' [C:/vivado/Vivado/2024.2/scripts/rt/data/unisim_comp.v:84588]
	Parameter BANDWIDTH bound to: OPTIMIZED - type: string 
	Parameter CLKFBOUT_MULT_F bound to: 37.125000 - type: double 
	Parameter CLKFBOUT_PHASE bound to: 0.000000 - type: double 
	Parameter CLKFBOUT_USE_FINE_PS bound to: FALSE - type: string 
	Parameter CLKIN1_PERIOD bound to: 10.000000 - type: double 
	Parameter CLKOUT0_DIVIDE_F bound to: 10.000000 - type: double 
	Parameter CLKOUT0_DUTY_CYCLE bound to: 0.500000 - type: double 
	Parameter CLKOUT0_PHASE bound to: 0.000000 - type: double 
	Parameter CLKOUT0_USE_FINE_PS bound to: FALSE - type: string 
	Parameter CLKOUT1_DIVIDE bound to: 2 - type: integer 
	Parameter CLKOUT1_DUTY_CYCLE bound to: 0.500000 - type: double 
	Parameter CLKOUT1_PHASE bound to: 0.000000 - type: double 
	Parameter CLKOUT1_USE_FINE_PS bound to: FALSE - type: string 
	Parameter CLKOUT4_CASCADE bound to: FALSE - type: string 
	Parameter COMPENSATION bound to: ZHOLD - type: string 
	Parameter DIVCLK_DIVIDE bound to: 5 - type: integer 
	Parameter STARTUP_WAIT bound to: FALSE - type: string 
INFO: [Synth 8-6155] done synthesizing module 'MMCME2_ADV' (0#1) [C:/vivado/Vivado/2024.2/scripts/rt/data/unisim_comp.v:84588]
INFO: [Synth 8-6157] synthesizing module 'BUFG' [C:/vivado/Vivado/2024.2/scripts/rt/data/unisim_comp.v:2676]
INFO: [Synth 8-6155] done synthesizing module 'BUFG' (0#1) [C:/vivado/Vivado/2024.2/scripts/rt/data/unisim_comp.v:2676]
INFO: [Synth 8-6155] done synthesizing module 'VideoClockSynthesizer' (0#1) [E:/desktop/HdmiColorBar/HdmiColorBarDemo.srcs/sources_1/VideoClockSynthesizer.v:65]
WARNING: [Synth 8-7071] port 'locked' of module 'VideoClockSynthesizer' is unconnected for instance 'video_clock' [E:/desktop/HdmiColorBar/HdmiColorBarDemo.srcs/sources_1/HdmiColorBarDemo.v:30]
WARNING: [Synth 8-7023] instance 'video_clock' of module 'VideoClockSynthesizer' has 5 connections declared, but only 4 given [E:/desktop/HdmiColorBar/HdmiColorBarDemo.srcs/sources_1/HdmiColorBarDemo.v:30]
INFO: [Synth 8-638] synthesizing module 'InterfaceLogicConverter' [E:/desktop/HdmiColorBar/HdmiColorBarDemo.srcs/sources_1/InterfaceLogicConverter.vhd:44]
INFO: [Synth 8-638] synthesizing module 'ResetBridge' [E:/desktop/HdmiColorBar/HdmiColorBarDemo.srcs/sources_1/ResetBridge.vhd:22]
	Parameter kPolarity bound to: 1'b1 
INFO: [Synth 8-638] synthesizing module 'SyncAsync' [E:/desktop/HdmiColorBar/HdmiColorBarDemo.srcs/sources_1/SyncAsync.vhd:24]
	Parameter kResetTo bound to: 1'b1 
	Parameter kStages bound to: 2 - type: integer 
INFO: [Synth 8-256] done synthesizing module 'SyncAsync' (0#1) [E:/desktop/HdmiColorBar/HdmiColorBarDemo.srcs/sources_1/SyncAsync.vhd:24]
INFO: [Synth 8-256] done synthesizing module 'ResetBridge' (0#1) [E:/desktop/HdmiColorBar/HdmiColorBarDemo.srcs/sources_1/ResetBridge.vhd:22]
INFO: [Synth 8-638] synthesizing module 'OutputSERDES' [E:/desktop/HdmiColorBar/HdmiColorBarDemo.srcs/sources_1/OutputSERDES.vhd:30]
	Parameter kParallelWidth bound to: 10 - type: integer 
	Parameter IOSTANDARD bound to: TMDS_33 - type: string 
INFO: [Synth 8-113] binding component instance 'OutputBuffer' to cell 'OBUFDS' [E:/desktop/HdmiColorBar/HdmiColorBarDemo.srcs/sources_1/OutputSERDES.vhd:37]
	Parameter DATA_RATE_OQ bound to: DDR - type: string 
	Parameter DATA_RATE_TQ bound to: SDR - type: string 
	Parameter DATA_WIDTH bound to: 10 - type: integer 
	Parameter SERDES_MODE bound to: MASTER - type: string 
	Parameter TBYTE_CTL bound to: FALSE - type: string 
	Parameter TBYTE_SRC bound to: FALSE - type: string 
	Parameter TRISTATE_WIDTH bound to: 1 - type: integer 
INFO: [Synth 8-113] binding component instance 'SerializerMaster' to cell 'OSERDESE2' [E:/desktop/HdmiColorBar/HdmiColorBarDemo.srcs/sources_1/OutputSERDES.vhd:46]
	Parameter DATA_RATE_OQ bound to: DDR - type: string 
	Parameter DATA_RATE_TQ bound to: SDR - type: string 
	Parameter DATA_WIDTH bound to: 10 - type: integer 
	Parameter SERDES_MODE bound to: SLAVE - type: string 
	Parameter TBYTE_CTL bound to: FALSE - type: string 
	Parameter TBYTE_SRC bound to: FALSE - type: string 
	Parameter TRISTATE_WIDTH bound to: 1 - type: integer 
INFO: [Synth 8-113] binding component instance 'SerializerSlave' to cell 'OSERDESE2' [E:/desktop/HdmiColorBar/HdmiColorBarDemo.srcs/sources_1/OutputSERDES.vhd:89]
INFO: [Synth 8-256] done synthesizing module 'OutputSERDES' (0#1) [E:/desktop/HdmiColorBar/HdmiColorBarDemo.srcs/sources_1/OutputSERDES.vhd:30]
INFO: [Synth 8-638] synthesizing module 'TMDS_Encoder' [E:/desktop/HdmiColorBar/HdmiColorBarDemo.srcs/sources_1/TMDS_Encoder.vhd:32]
INFO: [Synth 8-256] done synthesizing module 'TMDS_Encoder' (0#1) [E:/desktop/HdmiColorBar/HdmiColorBarDemo.srcs/sources_1/TMDS_Encoder.vhd:32]
INFO: [Synth 8-256] done synthesizing module 'InterfaceLogicConverter' (0#1) [E:/desktop/HdmiColorBar/HdmiColorBarDemo.srcs/sources_1/InterfaceLogicConverter.vhd:44]
INFO: [Synth 8-6155] done synthesizing module 'HdmiColorBarDemo' (0#1) [E:/desktop/HdmiColorBar/HdmiColorBarDemo.srcs/sources_1/HdmiColorBarDemo.v:1]
WARNING: [Synth 8-3848] Net phase in module/entity ColorBarPixelGenerator does not have driver. [E:/desktop/HdmiColorBar/HdmiColorBarDemo.srcs/sources_1/ColorBarPixelGenerator.v:159]
---------------------------------------------------------------------------------
Finished RTL Elaboration : Time (s): cpu = 00:00:04 ; elapsed = 00:00:04 . Memory (MB): peak = 2002.223 ; gain = 148.805
---------------------------------------------------------------------------------
---------------------------------------------------------------------------------
Start Handling Custom Attributes
---------------------------------------------------------------------------------
---------------------------------------------------------------------------------
Finished Handling Custom Attributes : Time (s): cpu = 00:00:04 ; elapsed = 00:00:04 . Memory (MB): peak = 2002.223 ; gain = 148.805
---------------------------------------------------------------------------------
---------------------------------------------------------------------------------
Finished RTL Optimization Phase 1 : Time (s): cpu = 00:00:04 ; elapsed = 00:00:04 . Memory (MB): peak = 2002.223 ; gain = 148.805
---------------------------------------------------------------------------------
Netlist sorting complete. Time (s): cpu = 00:00:00 ; elapsed = 00:00:00.004 . Memory (MB): peak = 2002.223 ; gain = 0.000
INFO: [Netlist 29-17] Analyzing 5 Unisim elements for replacement
INFO: [Netlist 29-28] Unisim Transformation completed in 0 CPU seconds
INFO: [Project 1-570] Preparing netlist for logic optimization

Processing XDC Constraints
Initializing timing engine
Parsing XDC File [E:/desktop/HdmiColorBar/HdmiColorBarDemo.srcs/constrs_1/HdmiColorBarDemo.xdc]
Finished Parsing XDC File [E:/desktop/HdmiColorBar/HdmiColorBarDemo.srcs/constrs_1/HdmiColorBarDemo.xdc]
Completed Processing XDC Constraints

Netlist sorting complete. Time (s): cpu = 00:00:00 ; elapsed = 00:00:00 . Memory (MB): peak = 2085.355 ; gain = 0.000
INFO: [Project 1-111] Unisim Transformation Summary:
No Unisim elements were transformed.

RTL Elaboration Complete:  : Time (s): cpu = 00:00:12 ; elapsed = 00:00:09 . Memory (MB): peak = 2301.980 ; gain = 448.562
32 Infos, 3 Warnings, 0 Critical Warnings and 0 Errors encountered.
synth_design completed successfully
synth_design: Time (s): cpu = 00:00:13 ; elapsed = 00:00:11 . Memory (MB): peak = 2301.980 ; gain = 459.039
reset_run synth_1
launch_runs synth_1 -jobs 16
[Fri Sep 12 15:53:07 2025] Launched synth_1...
Run output will be captured here: E:/desktop/HdmiColorBar/HdmiColorBarDemo.runs/synth_1/runme.log
launch_runs impl_1 -jobs 16
[Fri Sep 12 15:53:41 2025] Launched impl_1...
Run output will be captured here: E:/desktop/HdmiColorBar/HdmiColorBarDemo.runs/impl_1/runme.log
launch_runs impl_1 -to_step write_bitstream -jobs 16
[Fri Sep 12 15:54:20 2025] Launched impl_1...
Run output will be captured here: E:/desktop/HdmiColorBar/HdmiColorBarDemo.runs/impl_1/runme.log
exit
INFO: [Common 17-206] Exiting Vivado at Fri Sep 12 15:56:13 2025...
